Log file open, 12/20/17 13:20:54
LogWindows: Failed to load 'aqProf.dll' (GetLastError=126)
LogWindows: File 'aqProf.dll' does not exist
LogWindows: Failed to load 'VSPerf140.dll' (GetLastError=126)
LogWindows: File 'VSPerf140.dll' does not exist
LogWindows: Failed to load 'VtuneApi.dll' (GetLastError=126)
LogWindows: File 'VtuneApi.dll' does not exist
LogWindows: Failed to load 'VtuneApi32e.dll' (GetLastError=126)
LogWindows: File 'VtuneApi32e.dll' does not exist
LogInit: Display: Running engine for game: AricoArchery
LogPlatformFile: Not using cached read wrapper
LogInit: Display: RandInit(-1396168044) SRandInit(-1396168044).
LogInit: Read version file with build ID '3709383'
LogInit: Overriding engine version to CL 3754814, compatible CL 3709383
LogInit: Registered custom module enumerator with build ID '3709383'
LogTaskGraph: Started task graph with 5 named threads and 14 total threads with 3 sets of task threads.
LogStats: Stats thread started at 4.374147
LogD3D11RHI: Aftermath initialized
LogModuleManager: Display: Found up-to-date module file ../../../Engine/Plugins/2D/Paper2D/Binaries/Win64/UE4Editor-Paper2D.dll (API version 3709383).
LogModuleManager: Display: Found up-to-date module file ../../../Engine/Plugins/2D/Paper2D/Binaries/Win64/UE4Editor-Paper2DEditor.dll (API version 3709383).
LogModuleManager: Display: Found up-to-date module file ../../../Engine/Plugins/2D/Paper2D/Binaries/Win64/UE4Editor-PaperSpriteSheetImporter.dll (API version 3709383).
LogModuleManager: Display: Found up-to-date module file ../../../Engine/Plugins/2D/Paper2D/Binaries/Win64/UE4Editor-PaperTiledImporter.dll (API version 3709383).
LogModuleManager: Display: Found up-to-date module file ../../../Engine/Plugins/2D/Paper2D/Binaries/Win64/UE4Editor-SmartSnapping.dll (API version 3709383).
LogModuleManager: Display: Found up-to-date module file ../../../Engine/Plugins/Blendables/LightPropagationVolume/Binaries/Win64/UE4Editor-LightPropagationVolumeRuntime.dll (API version 3709383).
LogModuleManager: Display: Found up-to-date module file ../../../Engine/Plugins/Blendables/LightPropagationVolume/Binaries/Win64/UE4Editor-LightPropagationVolumeEditor.dll (API version 3709383).
LogModuleManager: Display: Found up-to-date module file ../../../Engine/Plugins/Developer/GitSourceControl/Binaries/Win64/UE4Editor-GitSourceControl.dll (API version 3709383).
LogModuleManager: Display: Found up-to-date module file ../../../Engine/Plugins/Developer/PerforceSourceControl/Binaries/Win64/UE4Editor-PerforceSourceControl.dll (API version 3709383).
LogModuleManager: Display: Found up-to-date module file ../../../Engine/Plugins/Developer/SubversionSourceControl/Binaries/Win64/UE4Editor-SubversionSourceControl.dll (API version 3709383).
LogModuleManager: Display: Found up-to-date module file ../../../Engine/Plugins/Developer/UObjectPlugin/Binaries/Win64/UE4Editor-UObjectPlugin.dll (API version 3709383).
LogModuleManager: Display: Found up-to-date module file ../../../Engine/Plugins/Developer/VisualStudioCodeSourceCodeAccess/Binaries/Win64/UE4Editor-VisualStudioCodeSourceCodeAccess.dll (API version 3709383).
LogModuleManager: Display: Found up-to-date module file ../../../Engine/Plugins/Developer/VisualStudioSourceCodeAccess/Binaries/Win64/UE4Editor-VisualStudioSourceCodeAccess.dll (API version 3709383).
LogModuleManager: Display: Found up-to-date module file ../../../Engine/Plugins/Editor/AssetManagerEditor/Binaries/Win64/UE4Editor-AssetManagerEditor.dll (API version 3709383).
LogModuleManager: Display: Found up-to-date module file ../../../Engine/Plugins/Editor/AudioCapture/Binaries/Win64/UE4Editor-AudioCapture.dll (API version 3709383).
LogModuleManager: Display: Found up-to-date module file ../../../Engine/Plugins/Editor/FacialAnimation/Binaries/Win64/UE4Editor-FacialAnimation.dll (API version 3709383).
LogModuleManager: Display: Found up-to-date module file ../../../Engine/Plugins/Editor/FacialAnimation/Binaries/Win64/UE4Editor-FacialAnimationEditor.dll (API version 3709383).
LogModuleManager: Display: Found up-to-date module file ../../../Engine/Plugins/Editor/GameplayTagsEditor/Binaries/Win64/UE4Editor-GameplayTagsEditor.dll (API version 3709383).
LogModuleManager: Display: Found up-to-date module file ../../../Engine/Plugins/Editor/MobileLauncherProfileWizard/Binaries/Win64/UE4Editor-MobileLauncherProfileWizard.dll (API version 3709383).
LogModuleManager: Display: Found up-to-date module file ../../../Engine/Plugins/Editor/PluginBrowser/Binaries/Win64/UE4Editor-PluginBrowser.dll (API version 3709383).
LogModuleManager: Display: Found up-to-date module file ../../../Engine/Plugins/Editor/SpeedTreeImporter/Binaries/Win64/UE4Editor-SpeedTreeImporter.dll (API version 3709383).
LogModuleManager: Display: Found up-to-date module file ../../../Engine/Plugins/Experimental/AlembicImporter/Binaries/Win64/UE4Editor-AlembicImporter.dll (API version 3709383).
LogModuleManager: Display: Found up-to-date module file ../../../Engine/Plugins/Experimental/AlembicImporter/Binaries/Win64/UE4Editor-AlembicLibrary.dll (API version 3709383).
LogModuleManager: Display: Found up-to-date module file ../../../Engine/Plugins/Experimental/CharacterAI/Binaries/Win64/UE4Editor-CharacterAI.dll (API version 3709383).
LogModuleManager: Display: Found up-to-date module file ../../../Engine/Plugins/Experimental/HTML5Networking/Binaries/Win64/UE4Editor-HTML5Networking.dll (API version 3709383).
LogModuleManager: Display: Found up-to-date module file ../../../Engine/Plugins/Media/AndroidMedia/Binaries/Win64/UE4Editor-AndroidMediaEditor.dll (API version 3709383).
LogModuleManager: Display: Found up-to-date module file ../../../Engine/Plugins/Media/AndroidMedia/Binaries/Win64/UE4Editor-AndroidMediaFactory.dll (API version 3709383).
LogModuleManager: Display: Found up-to-date module file ../../../Engine/Plugins/Media/AvfMedia/Binaries/Win64/UE4Editor-AvfMediaEditor.dll (API version 3709383).
LogModuleManager: Display: Found up-to-date module file ../../../Engine/Plugins/Media/AvfMedia/Binaries/Win64/UE4Editor-AvfMediaFactory.dll (API version 3709383).
LogModuleManager: Display: Found up-to-date module file ../../../Engine/Plugins/Media/AvfMedia/Binaries/Win64/UE4Editor-AvfMediaFactory.dll (API version 3709383).
LogModuleManager: Display: Found up-to-date module file ../../../Engine/Plugins/Media/ImgMedia/Binaries/Win64/UE4Editor-ImgMedia.dll (API version 3709383).
LogModuleManager: Display: Found up-to-date module file ../../../Engine/Plugins/Media/ImgMedia/Binaries/Win64/UE4Editor-ImgMediaEditor.dll (API version 3709383).
LogModuleManager: Display: Found up-to-date module file ../../../Engine/Plugins/Media/ImgMedia/Binaries/Win64/UE4Editor-ImgMediaFactory.dll (API version 3709383).
LogModuleManager: Display: Found up-to-date module file ../../../Engine/Plugins/Media/ImgMedia/Binaries/Win64/UE4Editor-ImgMediaFactory.dll (API version 3709383).
LogModuleManager: Display: Found up-to-date module file ../../../Engine/Plugins/Media/ImgMedia/Binaries/Win64/UE4Editor-OpenExrWrapper.dll (API version 3709383).
LogModuleManager: Display: Found up-to-date module file ../../../Engine/Plugins/Media/MediaCompositing/Binaries/Win64/UE4Editor-MediaCompositing.dll (API version 3709383).
LogModuleManager: Display: Found up-to-date module file ../../../Engine/Plugins/Media/MediaCompositing/Binaries/Win64/UE4Editor-MediaCompositingEditor.dll (API version 3709383).
LogModuleManager: Display: Found up-to-date module file ../../../Engine/Plugins/Media/MediaPlayerEditor/Binaries/Win64/UE4Editor-MediaPlayerEditor.dll (API version 3709383).
LogModuleManager: Display: Found up-to-date module file ../../../Engine/Plugins/Media/WmfMedia/Binaries/Win64/UE4Editor-WmfMedia.dll (API version 3709383).
LogModuleManager: Display: Found up-to-date module file ../../../Engine/Plugins/Media/WmfMedia/Binaries/Win64/UE4Editor-WmfMediaEditor.dll (API version 3709383).
LogModuleManager: Display: Found up-to-date module file ../../../Engine/Plugins/Media/WmfMedia/Binaries/Win64/UE4Editor-WmfMediaFactory.dll (API version 3709383).
LogModuleManager: Display: Found up-to-date module file ../../../Engine/Plugins/Media/WmfMedia/Binaries/Win64/UE4Editor-WmfMediaFactory.dll (API version 3709383).
LogModuleManager: Display: Found up-to-date module file ../../../Engine/Plugins/Messaging/TcpMessaging/Binaries/Win64/UE4Editor-TcpMessaging.dll (API version 3709383).
LogModuleManager: Display: Found up-to-date module file ../../../Engine/Plugins/Messaging/UdpMessaging/Binaries/Win64/UE4Editor-UdpMessaging.dll (API version 3709383).
LogModuleManager: Display: Found up-to-date module file ../../../Engine/Plugins/MovieScene/ActorSequence/Binaries/Win64/UE4Editor-ActorSequence.dll (API version 3709383).
LogModuleManager: Display: Found up-to-date module file ../../../Engine/Plugins/MovieScene/LevelSequenceEditor/Binaries/Win64/UE4Editor-LevelSequenceEditor.dll (API version 3709383).
LogModuleManager: Display: Found up-to-date module file ../../../Engine/Plugins/MovieScene/MatineeToLevelSequence/Binaries/Win64/UE4Editor-MatineeToLevelSequence.dll (API version 3709383).
LogModuleManager: Display: Found up-to-date module file ../../../Engine/Plugins/Online/OnlineSubsystem/Binaries/Win64/UE4Editor-OnlineSubsystem.dll (API version 3709383).
LogModuleManager: Display: Found up-to-date module file ../../../Engine/Plugins/Runtime/AndroidPermission/Binaries/Win64/UE4Editor-AndroidPermission.dll (API version 3709383).
LogModuleManager: Display: Found up-to-date module file ../../../Engine/Plugins/Online/OnlineSubsystemNull/Binaries/Win64/UE4Editor-OnlineSubsystemNull.dll (API version 3709383).
LogModuleManager: Display: Found up-to-date module file ../../../Engine/Plugins/Online/OnlineSubsystemUtils/Binaries/Win64/UE4Editor-OnlineSubsystemUtils.dll (API version 3709383).
LogModuleManager: Display: Found up-to-date module file ../../../Engine/Plugins/Online/OnlineSubsystemUtils/Binaries/Win64/UE4Editor-OnlineBlueprintSupport.dll (API version 3709383).
LogModuleManager: Display: Found up-to-date module file ../../../Engine/Plugins/Runtime/AndroidDeviceProfileSelector/Binaries/Win64/UE4Editor-AndroidDeviceProfileSelector.dll (API version 3709383).
LogModuleManager: Display: Found up-to-date module file ../../../Engine/Plugins/Runtime/AppleARKit/Binaries/Win64/UE4Editor-AppleARKit.dll (API version 3709383).
LogModuleManager: Display: Found up-to-date module file ../../../Engine/Plugins/Runtime/ArchVisCharacter/Binaries/Win64/UE4Editor-ArchVisCharacter.dll (API version 3709383).
LogModuleManager: Display: Found up-to-date module file ../../../Engine/Plugins/Runtime/CableComponent/Binaries/Win64/UE4Editor-CableComponent.dll (API version 3709383).
LogModuleManager: Display: Found up-to-date module file ../../../Engine/Plugins/Runtime/CustomMeshComponent/Binaries/Win64/UE4Editor-CustomMeshComponent.dll (API version 3709383).
LogModuleManager: Display: Found up-to-date module file ../../../Engine/Plugins/Runtime/ExampleDeviceProfileSelector/Binaries/Win64/UE4Editor-ExampleDeviceProfileSelector.dll (API version 3709383).
LogModuleManager: Display: Found up-to-date module file ../../../Engine/Plugins/Runtime/ImmediatePhysics/Binaries/Win64/UE4Editor-ImmediatePhysics.dll (API version 3709383).
LogModuleManager: Display: Found up-to-date module file ../../../Engine/Plugins/Runtime/ImmediatePhysics/Binaries/Win64/UE4Editor-ImmediatePhysicsEditor.dll (API version 3709383).
LogModuleManager: Display: Found up-to-date module file ../../../Engine/Plugins/Runtime/LocationServicesBPLibrary/Binaries/Win64/UE4Editor-LocationServicesBPLibrary.dll (API version 3709383).
LogModuleManager: Display: Found up-to-date module file ../../../Engine/Plugins/Runtime/MobilePatchingUtils/Binaries/Win64/UE4Editor-MobilePatchingUtils.dll (API version 3709383).
LogModuleManager: Display: Found up-to-date module file ../../../Engine/Plugins/Runtime/Oculus/OculusVR/Binaries/Win64/UE4Editor-OculusHMD.dll (API version 3709383).
LogModuleManager: Display: Found up-to-date module file ../../../Engine/Plugins/Runtime/Oculus/OculusVR/Binaries/Win64/UE4Editor-OculusInput.dll (API version 3709383).
LogModuleManager: Display: Found up-to-date module file ../../../Engine/Plugins/Runtime/Oculus/OculusVR/Binaries/Win64/UE4Editor-OculusEditor.dll (API version 3709383).
LogModuleManager: Display: Found up-to-date module file ../../../Engine/Plugins/Runtime/PhysXVehicles/Binaries/Win64/UE4Editor-PhysXVehicles.dll (API version 3709383).
LogModuleManager: Display: Found up-to-date module file ../../../Engine/Plugins/Runtime/PhysXVehicles/Binaries/Win64/UE4Editor-PhysXVehiclesEditor.dll (API version 3709383).
LogModuleManager: Display: Found up-to-date module file ../../../Engine/Plugins/Runtime/ProceduralMeshComponent/Binaries/Win64/UE4Editor-ProceduralMeshComponent.dll (API version 3709383).
LogModuleManager: Display: Found up-to-date module file ../../../Engine/Plugins/Runtime/ProceduralMeshComponent/Binaries/Win64/UE4Editor-ProceduralMeshComponentEditor.dll (API version 3709383).
LogModuleManager: Display: Found up-to-date module file ../../../Engine/Plugins/Runtime/RuntimePhysXCooking/Binaries/Win64/UE4Editor-RuntimePhysXCooking.dll (API version 3709383).
LogModuleManager: Display: Found up-to-date module file ../../../Engine/Plugins/Runtime/Steam/SteamVR/Binaries/Win64/UE4Editor-SteamVR.dll (API version 3709383).
LogModuleManager: Display: Found up-to-date module file ../../../Engine/Plugins/Runtime/Steam/SteamVR/Binaries/Win64/UE4Editor-SteamVRController.dll (API version 3709383).
LogModuleManager: Display: Found up-to-date module file ../../../Engine/Plugins/Runtime/WindowsMoviePlayer/Binaries/Win64/UE4Editor-WindowsMoviePlayer.dll (API version 3709383).
LogPluginManager: Mounting plugin Paper2D
LogPluginManager: Mounting plugin LightPropagationVolume
LogPluginManager: Mounting plugin CodeLiteSourceCodeAccess
LogPluginManager: Mounting plugin GitSourceControl
LogPluginManager: Mounting plugin KDevelopSourceCodeAccess
LogPluginManager: Mounting plugin NullSourceCodeAccess
LogPluginManager: Mounting plugin PerforceSourceControl
LogPluginManager: Mounting plugin SubversionSourceControl
LogPluginManager: Mounting plugin UObjectPlugin
LogPluginManager: Mounting plugin VisualStudioCodeSourceCodeAccess
LogPluginManager: Mounting plugin VisualStudioSourceCodeAccess
LogPluginManager: Mounting plugin XCodeSourceCodeAccess
LogPluginManager: Mounting plugin AssetManagerEditor
LogPluginManager: Mounting plugin AudioCapture
LogPluginManager: Mounting plugin FacialAnimation
LogPluginManager: Mounting plugin GameplayTagsEditor
LogPluginManager: Mounting plugin MobileLauncherProfileWizard
LogPluginManager: Mounting plugin PluginBrowser
LogPluginManager: Mounting plugin SpeedTreeImporter
LogPluginManager: Mounting plugin AlembicImporter
LogPluginManager: Mounting plugin CharacterAI
LogPluginManager: Mounting plugin HTML5Networking
LogPluginManager: Mounting plugin AndroidMedia
LogPluginManager: Mounting plugin AvfMedia
LogPluginManager: Mounting plugin ImgMedia
LogPluginManager: Mounting plugin MediaCompositing
LogPluginManager: Mounting plugin MediaPlayerEditor
LogPluginManager: Mounting plugin WmfMedia
LogPluginManager: Mounting plugin TcpMessaging
LogPluginManager: Mounting plugin UdpMessaging
LogPluginManager: Mounting plugin ActorSequence
LogPluginManager: Mounting plugin LevelSequenceEditor
LogPluginManager: Mounting plugin MatineeToLevelSequence
LogPluginManager: Mounting plugin OnlineSubsystemGooglePlay
LogPluginManager: Mounting plugin OnlineSubsystemIOS
LogPluginManager: Mounting plugin OnlineSubsystem
LogPluginManager: Mounting plugin OnlineSubsystemNull
LogPluginManager: Mounting plugin OnlineSubsystemUtils
LogPluginManager: Mounting plugin AndroidDeviceProfileSelector
LogPluginManager: Mounting plugin AndroidMoviePlayer
LogPluginManager: Mounting plugin AndroidPermission
LogPluginManager: Mounting plugin AppleARKit
LogPluginManager: Mounting plugin AppleMoviePlayer
LogPluginManager: Mounting plugin ArchVisCharacter
LogPluginManager: Mounting plugin CableComponent
LogPluginManager: Mounting plugin CustomMeshComponent
LogPluginManager: Mounting plugin ExampleDeviceProfileSelector
LogPluginManager: Mounting plugin GoogleCloudMessaging
LogPluginManager: Mounting plugin ImmediatePhysics
LogPluginManager: Mounting plugin IOSDeviceProfileSelector
LogPluginManager: Mounting plugin LinuxDeviceProfileSelector
LogPluginManager: Mounting plugin LocationServicesBPLibrary
LogPluginManager: Mounting plugin MobilePatchingUtils
LogPluginManager: Mounting plugin OculusVR
LogPluginManager: Plugin shader directory ../../../Engine/Plugins/Runtime/Oculus/OculusVR/Shaders found
LogPluginManager: Mapping shader source directory ../../../Engine/Plugins/Runtime/Oculus/OculusVR/Shaders to virtual directory /Plugin/OculusVR
LogPluginManager: Mounting plugin PhysXVehicles
LogPluginManager: Mounting plugin ProceduralMeshComponent
LogPluginManager: Mounting plugin RuntimePhysXCooking
LogPluginManager: Mounting plugin SteamVR
LogPluginManager: Mounting plugin WindowsMoviePlayer
LogInit: Using libcurl 7.47.1
LogInit:  - built for x86_64-pc-win32
LogInit:  - supports SSL with OpenSSL/1.0.2g
LogInit:  - supports HTTP deflate (compression) using libz 1.2.8
LogInit:  - other features:
LogInit:      CURL_VERSION_SSL
LogInit:      CURL_VERSION_LIBZ
LogInit:      CURL_VERSION_IPV6
LogInit:      CURL_VERSION_ASYNCHDNS
LogInit:      CURL_VERSION_LARGEFILE
LogInit:      CURL_VERSION_IDN
LogInit:  CurlRequestOptions (configurable via config and command line):
LogInit:  - bVerifyPeer = false  - Libcurl will NOT verify peer certificate
LogInit:  - bUseHttpProxy = false  - Libcurl will NOT use HTTP proxy
LogInit:  - bDontReuseConnections = false  - Libcurl will reuse connections
LogInit:  - CertBundlePath = nullptr  - Libcurl will use whatever was configured at build time.
LogInit: Build: ++UE4+Release-4.18-CL-3754814
LogInit: Engine Version: 4.18.1-3754814+++UE4+Release-4.18
LogInit: Compatible Engine Version: 4.18.0-3709383+++UE4+Release-4.18
LogInit: Net CL: 3709383
LogDevObjectVersion: Number of dev versions registered: 16
LogDevObjectVersion:   Dev-Blueprints (B0D832E4-1F89-4F0D-ACCF-7EB736FD4AA2): 10
LogDevObjectVersion:   Dev-Build (E1C64328-A22C-4D53-A36C-8E866417BD8C): 0
LogDevObjectVersion:   Dev-Core (375EC13C-06E4-48FB-B500-84F0262A717E): 2
LogDevObjectVersion:   Dev-Editor (E4B068ED-F494-42E9-A231-DA0B2E46BB41): 20
LogDevObjectVersion:   Dev-Framework (CFFC743F-43B0-4480-9391-14DF171D2073): 30
LogDevObjectVersion:   Dev-Mobile (B02B49B5-BB20-44E9-A304-32B752E40360): 0
LogDevObjectVersion:   Dev-Networking (A4E4105C-59A1-49B5-A7C5-40C4547EDFEE): 0
LogDevObjectVersion:   Dev-Online (39C831C9-5AE6-47DC-9A44-9C173E1C8E7C): 0
LogDevObjectVersion:   Dev-Physics (78F01B33-EBEA-4F98-B9B4-84EACCB95AA2): 0
LogDevObjectVersion:   Dev-Platform (6631380F-2D4D-43E0-8009-CF276956A95A): 0
LogDevObjectVersion:   Dev-Rendering (12F88B9F-8875-4AFC-A67C-D90C383ABD29): 20
LogDevObjectVersion:   Dev-Sequencer (7B5AE74C-D270-4C10-A958-57980B212A5A): 4
LogDevObjectVersion:   Dev-VR (D7296918-1DD6-4BDD-9DE2-64A83CC13884): 0
LogDevObjectVersion:   Dev-LoadTimes (C2A15278-BFE7-4AFE-6C17-90FF531DF755): 1
LogDevObjectVersion:   Private-Geometry (6EACA3D4-40EC-4CC1-B786-8BED09428FC5): 1
LogDevObjectVersion:   Dev-AnimPhys (29E575DD-E0A3-4627-9D10-D276232CDCEA): 12
LogInit: Compiled (64-bit): Nov 14 2017 02:05:55
LogInit: Compiled with Visual C++: 19.00.24215.01
LogInit: Build Configuration: Development
LogInit: Branch Name: ++UE4+Release-4.18
LogInit: Command line:  
LogInit: Base directory: D:/Program Files (x86)/Epic Games/UE_4.18/Engine/Binaries/Win64/
LogInit: Installed Engine Build: 1
LogInit: Presizing for max 8388607 objects, including 0 objects not considered by GC, pre-allocating 0 bytes for permanent pool.
LogInit: Object subsystem initialized
[2017.12.20-02.20.58:558][  0]LogInit: Selected Device Profile: [Windows]
[2017.12.20-02.20.58:558][  0]LogInit: Applying CVar settings loaded from the selected device profile: [Windows]
[2017.12.20-02.20.58:625][  0]LogInit: Computer: DESKTOP-GGU25J6
[2017.12.20-02.20.58:625][  0]LogInit: User: Quintero
[2017.12.20-02.20.58:625][  0]LogInit: CPU Page size=4096, Cores=4
[2017.12.20-02.20.58:625][  0]LogInit: High frequency timer resolution =3.914065 MHz
[2017.12.20-02.20.58:625][  0]LogMemory: Memory total: Physical=15.9GB (16GB approx)
[2017.12.20-02.20.58:625][  0]LogMemory: Platform Memory Stats for Windows
[2017.12.20-02.20.58:625][  0]LogMemory: Process Physical Memory: 273.42 MB used, 273.42 MB peak
[2017.12.20-02.20.58:625][  0]LogMemory: Process Virtual Memory: 269.69 MB used, 269.69 MB peak
[2017.12.20-02.20.58:625][  0]LogMemory: Physical Memory: 5939.87 MB used,  10378.78 MB free, 16318.64 MB total
[2017.12.20-02.20.58:625][  0]LogMemory: Virtual Memory: 663.16 MB used,  10378.78 MB free, 134217728.00 MB total
[2017.12.20-02.20.59:307][  0]LogInit: Using OS detected language (en-US).
[2017.12.20-02.20.59:307][  0]LogInit: Using OS detected locale (en-AU).
[2017.12.20-02.20.59:484][  0]LogTextLocalizationManager: No specific localization for 'en-US' exists, so the 'en' localization will be used.
[2017.12.20-02.21.00:097][  0]LogInit: Setting process to per monitor DPI aware
[2017.12.20-02.21.03:984][  0]LogD3D11RHI: D3D11 adapters:
[2017.12.20-02.21.04:024][  0]LogD3D11RHI:    0. 'NVIDIA GeForce GTX 980 Ti' (Feature Level 11_0)
[2017.12.20-02.21.04:024][  0]LogD3D11RHI:       6103/0/8159 MB DedicatedVideo/DedicatedSystem/SharedSystem, Outputs:2, VendorId:0x10de
[2017.12.20-02.21.04:026][  0]LogD3D11RHI:    1. 'Microsoft Basic Render Driver' (Feature Level 11_0)
[2017.12.20-02.21.04:026][  0]LogD3D11RHI:       0/0/8159 MB DedicatedVideo/DedicatedSystem/SharedSystem, Outputs:0, VendorId:0x1414
[2017.12.20-02.21.04:026][  0]LogD3D11RHI: Chosen D3D11 Adapter: 0
[2017.12.20-02.21.04:030][  0]LogD3D11RHI: Creating new Direct3DDevice
[2017.12.20-02.21.04:030][  0]LogD3D11RHI:     GPU DeviceId: 0x17c8 (for the marketing name, search the web for "GPU Device Id")
[2017.12.20-02.21.04:030][  0]LogWindows: EnumDisplayDevices:
[2017.12.20-02.21.04:030][  0]LogWindows:    0. 'NVIDIA GeForce GTX 980 Ti' (P:0 D:1)
[2017.12.20-02.21.04:031][  0]LogWindows:    1. 'NVIDIA GeForce GTX 980 Ti' (P:1 D:1)
[2017.12.20-02.21.04:031][  0]LogWindows:    2. 'NVIDIA GeForce GTX 980 Ti' (P:0 D:0)
[2017.12.20-02.21.04:031][  0]LogWindows:    3. 'NVIDIA GeForce GTX 980 Ti' (P:0 D:0)
[2017.12.20-02.21.04:031][  0]LogWindows: DebugString: GetVideoDriverDetailsInvalid PrimaryIsNotTheChoosenAdapter GetVideoDriverDetailsInvalid PrimaryIsNotTheChoosenAdapter GetVideoDriverDetailsInvalid PrimaryIsNotTheChoosenAdapter GetVideoDriverDetailsInvalid PrimaryIsNotTheChoosenAdapter FoundDriverCount:0 
[2017.12.20-02.21.04:031][  0]LogD3D11RHI:     Adapter Name: NVIDIA GeForce GTX 980 Ti
[2017.12.20-02.21.04:031][  0]LogD3D11RHI:   Driver Version: Unknown (internal:Unknown, unified:Unknown)
[2017.12.20-02.21.04:031][  0]LogD3D11RHI:      Driver Date: Unknown
[2017.12.20-02.21.04:031][  0]LogRHI: Texture pool is 4272 MB (70% of 6103 MB)
[2017.12.20-02.21.04:050][  0]LogD3D11RHI: Async texture creation enabled
[2017.12.20-02.21.04:335][  0]LogD3D11RHI: GPU Timing Frequency: 1000.000000 (Debug: 2 1)
[2017.12.20-02.21.04:432][  0]LogShaderCompilers: Guid format shader working directory is -17 characters bigger than the processId version (C:/Users/Quintero/Desktop/Arico Archery/AricoArchery/AricoArchery/Intermediate/Shaders/WorkingDirectory/17988/).
[2017.12.20-02.21.04:432][  0]LogShaderCompilers: Cleaned the shader compiler working directory 'C:/Users/Quintero/AppData/Local/Temp/UnrealShaderWorkingDir/8CCE012E426BD65287E5068B0FC59F69/'.
[2017.12.20-02.21.04:449][  0]LogShaderCompilers: Display: Using Local Shader Compiler.
[2017.12.20-02.21.07:407][  0]LogTemp: Display: Loaded TP AllDesktopTargetPlatform
[2017.12.20-02.21.07:445][  0]LogTemp: Display: Loaded TP MacClientTargetPlatform
[2017.12.20-02.21.07:485][  0]LogTemp: Display: Loaded TP MacNoEditorTargetPlatform
[2017.12.20-02.21.07:524][  0]LogTemp: Display: Loaded TP MacServerTargetPlatform
[2017.12.20-02.21.07:583][  0]LogTemp: Display: Loaded TP MacTargetPlatform
[2017.12.20-02.21.07:622][  0]LogTemp: Display: Loaded TP WindowsClientTargetPlatform
[2017.12.20-02.21.07:662][  0]LogTemp: Display: Loaded TP WindowsNoEditorTargetPlatform
[2017.12.20-02.21.07:701][  0]LogTemp: Display: Loaded TP WindowsServerTargetPlatform
[2017.12.20-02.21.07:735][  0]LogTemp: Display: Loaded TP WindowsTargetPlatform
[2017.12.20-02.21.07:776][  0]LogTemp: Display: Loaded TP Android_ASTCTargetPlatform
[2017.12.20-02.21.07:816][  0]LogTemp: Display: Loaded TP Android_ATCTargetPlatform
[2017.12.20-02.21.07:855][  0]LogTemp: Display: Loaded TP Android_DXTTargetPlatform
[2017.12.20-02.21.07:894][  0]LogTemp: Display: Loaded TP Android_ETC1TargetPlatform
[2017.12.20-02.21.07:933][  0]LogTemp: Display: Loaded TP Android_ETC2TargetPlatform
[2017.12.20-02.21.08:010][  0]LogTemp: Display: Loaded TP Android_MultiTargetPlatform
[2017.12.20-02.21.08:010][  0]LogTemp: Display: Loaded TP Android_PVRTCTargetPlatform
[2017.12.20-02.21.08:075][  0]LogTemp: Display: Loaded TP AndroidTargetPlatform
[2017.12.20-02.21.08:105][  0]LogTemp: Display: Loaded TP HTML5TargetPlatform
[2017.12.20-02.21.08:231][  0]LogTemp: Display: Loaded TP IOSTargetPlatform
[2017.12.20-02.21.08:250][  0]LogTemp: Display: Loaded TP TVOSTargetPlatform
[2017.12.20-02.21.08:288][  0]LogTemp: Display: Loaded TP LinuxClientTargetPlatform
[2017.12.20-02.21.08:326][  0]LogTemp: Display: Loaded TP LinuxNoEditorTargetPlatform
[2017.12.20-02.21.08:364][  0]LogTemp: Display: Loaded TP LinuxServerTargetPlatform
[2017.12.20-02.21.08:414][  0]LogTemp: Display: Loaded TP LinuxTargetPlatform
[2017.12.20-02.21.08:414][  0]LogTargetPlatformManager: Display: Building Assets For Windows
[2017.12.20-02.21.09:494][  0]LogDerivedDataCache: Display: Max Cache Size: 512 MB
[2017.12.20-02.21.09:757][  0]LogDerivedDataCache: Loaded boot cache 0.26s 79MB C:/Users/Quintero/AppData/Local/UnrealEngine/4.18/DerivedDataCache/Boot.ddc.
[2017.12.20-02.21.09:757][  0]LogDerivedDataCache: Display: Loaded Boot cache: C:/Users/Quintero/AppData/Local/UnrealEngine/4.18/DerivedDataCache/Boot.ddc
[2017.12.20-02.21.09:757][  0]LogDerivedDataCache: FDerivedDataBackendGraph:  Pak pak cache file C:/Users/Quintero/Desktop/Arico Archery/AricoArchery/AricoArchery/DerivedDataCache/DDC.ddp not found, will not use a pak cache.
[2017.12.20-02.21.09:757][  0]LogDerivedDataCache: Unable to find inner node Pak for hierarchical cache Hierarchy.
[2017.12.20-02.21.09:757][  0]LogDerivedDataCache: FDerivedDataBackendGraph:  CompressedPak pak cache file C:/Users/Quintero/Desktop/Arico Archery/AricoArchery/AricoArchery/DerivedDataCache/Compressed.ddp not found, will not use a pak cache.
[2017.12.20-02.21.09:757][  0]LogDerivedDataCache: Unable to find inner node CompressedPak for hierarchical cache Hierarchy.
[2017.12.20-02.21.09:828][  0]LogDerivedDataCache: Display: Pak cache opened for reading ../../../Engine/DerivedDataCache/Compressed.ddp.
[2017.12.20-02.21.09:840][  0]LogDerivedDataCache: Using Local data cache path C:/Users/Quintero/AppData/Local/UnrealEngine/Common/DerivedDataCache: Writable
[2017.12.20-02.21.09:885][  0]LogMaterial: Verifying Global Shaders for PCD3D_SM5
[2017.12.20-02.21.09:972][  0]LogSlate: Using Freetype 2.6.0
[2017.12.20-02.21.10:083][  0]LogSlate: SlateFontCache - WITH_FREETYPE: 1, WITH_HARFBUZZ: 1
[2017.12.20-02.21.10:084][  0]LogSlate: SlateFontCache - WITH_FREETYPE: 1, WITH_HARFBUZZ: 1
[2017.12.20-02.21.16:517][  0]LogInit: Selected Device Profile: [Windows]
[2017.12.20-02.21.17:998][  0]LogSimplygon: Simplygon DLL not present - disabling.
[2017.12.20-02.21.18:057][  0]LogMeshReduction: Using SimplygonSwarm for distributed automatic mesh merging
[2017.12.20-02.21.18:058][  0]LogMeshReduction: Using QuadricMeshReduction for automatic static mesh reduction
[2017.12.20-02.21.18:058][  0]LogMeshReduction: No automatic skeletal mesh reduction module available
[2017.12.20-02.21.18:058][  0]LogMeshReduction: No automatic mesh merging module available
[2017.12.20-02.21.18:058][  0]LogMeshMerging: No automatic mesh merging module available
[2017.12.20-02.21.18:576][  0]LogNetVersion: AricoArchery , NetCL: 3709383, EngineNetVer: 2, GameNetVer: 0 (Checksum: 1985820187)
[2017.12.20-02.21.19:771][  0]LogAssetRegistry: FAssetRegistry took 0.0364 seconds to start up
[2017.12.20-02.21.26:693][  0]LogPackageLocalizationCache: Processed 7 localized package path(s) for 2 prioritized culture(s) in 0.089124 seconds
[2017.12.20-02.21.26:749][  0]LogUObjectArray: 35900 objects as part of root set at end of initial load.
[2017.12.20-02.21.26:749][  0]LogUObjectAllocator: 7372024 out of 0 bytes used by permanent object pool.
[2017.12.20-02.21.26:749][  0]LogUObjectArray: CloseDisregardForGC: 0/0 objects in disregard for GC pool
[2017.12.20-02.21.26:810][  0]LogInit: WinSock: version 1.1 (2.2), MaxSocks=32767, MaxUdp=65467
[2017.12.20-02.21.45:918][  0]LogTcpMessaging: Initializing TcpMessaging bridge
[2017.12.20-02.21.45:985][  0]LogUdpMessaging: Initializing bridge on interface 0.0.0.0:0 to multicast group 230.0.0.1:6666.
[2017.12.20-02.21.47:831][  0]LogMaterial: Uniform references updated for custom material expression Custom.
[2017.12.20-02.21.48:800][  0]SourceControl: Source control is disabled
[2017.12.20-02.21.48:816][  0]SourceControl: Source control is disabled
[2017.12.20-02.21.48:910][  0]SourceControl: Source control is disabled
[2017.12.20-02.21.49:027][  0]SourceControl: Source control is disabled
[2017.12.20-02.21.50:555][  0]LogAndroidPermission: UAndroidPermissionCallbackProxy::GetInstance
[2017.12.20-02.21.50:876][  0]LogOcInput: OculusInput pre-init called
[2017.12.20-02.21.51:759][  0]LogEngine: Initializing Engine...
[2017.12.20-02.21.51:817][  0]LogHMD: Failed to initialize OpenVR with code 110
[2017.12.20-02.21.52:558][  0]LogStats: UGameplayTagsManager::ConstructGameplayTagTree: Construct from data asset -  0.000 s
[2017.12.20-02.21.52:558][  0]LogStats: UGameplayTagsManager::ConstructGameplayTagTree: GameplayTagTreeChangedEvent.Broadcast -  0.000 s
[2017.12.20-02.21.52:935][  0]LogAIModule: Creating AISystem for world Untitled
[2017.12.20-02.21.53:036][  0]LogInit: XAudio2 using 'Headphones (High Definition Audio Device)' : 2 channels at 44.1 kHz using 16 bits per sample (channel mask 0x3)
[2017.12.20-02.21.53:049][  0]LogInit: FAudioDevice initialized.
[2017.12.20-02.21.53:117][  0]LogDerivedDataCache: Saved boot cache 0.07s 79MB C:/Users/Quintero/AppData/Local/UnrealEngine/4.18/DerivedDataCache/Boot.ddc.
[2017.12.20-02.21.53:122][  0]LogInit: Texture streaming: Enabled
[2017.12.20-02.21.53:318][  0]LogEngineSessionManager: EngineSessionManager initialized
[2017.12.20-02.21.53:744][  0]LogInit: Transaction tracking system initialized
[2017.12.20-02.21.55:599][  0]BlueprintLog: New page: Editor Load
[2017.12.20-02.22.00:395][  0]LocalizationService: Localization service is disabled
[2017.12.20-02.22.04:785][  0]LogConsoleResponse: Display: 
[2017.12.20-02.22.09:144][  0]LogFileCache: Scanning file cache for directory 'C:/Users/Quintero/Desktop/Arico Archery/AricoArchery/AricoArchery/Content/' took 0.01s
[2017.12.20-02.22.09:144][  0]LogCook: Display: Max memory allowance for cook 16384mb min free memory 0mb
[2017.12.20-02.22.09:144][  0]LogCook: Display: Mobile HDR setting 1
[2017.12.20-02.22.09:160][  0]LogGameplayTags: Display: UGameplayTagsManager::DoneAddingNativeTags. DelegateIsBound: 0
[2017.12.20-02.22.15:868][  0]SourceControl: Source control is disabled
[2017.12.20-02.22.15:949][  0]Cmd: MAP LOAD FILE="C:/Users/Quintero/Desktop/Arico Archery/AricoArchery/AricoArchery/Content/VirtualRealityBP/Maps/StartupMap.umap" TEMPLATE=0 SHOWPROGRESS=1 FEATURELEVEL=3
[2017.12.20-02.22.15:949][  0]LogEditorServer: Warning: Can't find file 'C:/Users/Quintero/Desktop/Arico Archery/AricoArchery/AricoArchery/Content/VirtualRealityBP/Maps/StartupMap.umap'
[2017.12.20-02.22.15:969][  0]Cmd: MAP CHECKDEP NOCLEARLOG
[2017.12.20-02.22.16:071][  0]MapCheck: Map check complete: 0 Error(s), 0 Warning(s), took 102.024ms to complete.
[2017.12.20-02.22.16:071][  0]LogFileHelpers: Loading map 'StartupMap' took 0.134
[2017.12.20-02.22.20:686][  0]LogCollectionManager: Loaded 0 collections in 0.002133 seconds
[2017.12.20-02.22.21:298][  0]LogFileCache: Scanning file cache for directory 'C:/Users/Quintero/Desktop/Arico Archery/AricoArchery/AricoArchery/Saved/Collections/' took 0.01s
[2017.12.20-02.22.21:298][  0]LogFileCache: Scanning file cache for directory 'C:/Users/Quintero/Desktop/Arico Archery/AricoArchery/AricoArchery/Content/Developers/Quintero/Collections/' took 0.01s
[2017.12.20-02.22.21:298][  0]LogFileCache: Scanning file cache for directory 'C:/Users/Quintero/Desktop/Arico Archery/AricoArchery/AricoArchery/Content/Collections/' took 0.01s
[2017.12.20-02.22.21:298][  0]LogCollectionManager: Rebuilt the GUID cache for 0 collections in 0.000000 seconds
[2017.12.20-02.22.21:351][  0]LogContentBrowser: Native class hierarchy populated in 0.0070 seconds. Added 2363 classes and 519 folders.
[2017.12.20-02.22.21:521][  0]LogContentBrowser: Native class hierarchy updated for 'WidgetCarousel' in 0.0002 seconds. Added 0 classes and 0 folders.
[2017.12.20-02.22.24:598][  0]LogContentBrowser: Native class hierarchy updated for 'AddContentDialog' in 0.0002 seconds. Added 0 classes and 0 folders.
[2017.12.20-02.22.24:848][  0]LogContentBrowser: Native class hierarchy updated for 'SceneOutliner' in 0.0002 seconds. Added 1 classes and 2 folders.
[2017.12.20-02.22.26:910][  0]LogSlate: Took 0.186405 seconds to synchronously load lazily loaded font '../../../Engine/Content/Slate/Fonts/Roboto-Regular.ttf' (155K)
[2017.12.20-02.22.26:941][  0]LogSlate: Took 0.002186 seconds to synchronously load lazily loaded font '../../../Engine/Content/Slate/Fonts/Roboto-Bold.ttf' (160K)
[2017.12.20-02.22.27:070][  0]LogSlate: Took 0.021930 seconds to synchronously load lazily loaded font '../../../Engine/Content/Editor/Slate/Fonts/FontAwesome.ttf' (139K)
[2017.12.20-02.22.28:305][  0]LogRenderer: Reallocating scene render targets to support 1224x672 Format 26 NumSamples 1 (Frame:1).
[2017.12.20-02.22.29:892][  0]LogContentBrowser: Native class hierarchy updated for 'HierarchicalLODOutliner' in 0.0002 seconds. Added 1 classes and 2 folders.
[2017.12.20-02.22.29:892][  0]LogLoad: (Engine Initialization) Total time: 109.86 seconds
[2017.12.20-02.22.29:892][  0]LogLoad: (Engine Initialization) Total Blueprint compile time: 0.00 seconds
[2017.12.20-02.22.29:892][  0]LogExternalProfiler: No external profilers were discovered.  External profiling features will not be available.
[2017.12.20-02.22.30:590][  0]LogContentStreaming: Texture pool size now 1000 MB
[2017.12.20-02.22.31:037][  0]LogSlate: Took 0.116464 seconds to synchronously load lazily loaded font '../../../Engine/Content/Slate/Fonts/Roboto-Light.ttf' (159K)
[2017.12.20-02.22.31:144][  1]LogAssetRegistry: Asset discovery search completed in 71.3942 seconds
[2017.12.20-02.22.31:177][  1]LogCollectionManager: Rebuilt the object cache for 0 collections in 0.000000 seconds (found 0 objects)
[2017.12.20-02.22.31:177][  1]LogCollectionManager: Fixed up redirectors for 0 collections in 0.000046 seconds (updated 0 objects)
[2017.12.20-02.23.07:075][831]LogSlate: Took 0.000200 seconds to synchronously load lazily loaded font '../../../Engine/Content/Slate/Fonts/Roboto-Light.ttf' (159K)
[2017.12.20-02.23.07:544][831]LogSlate: Took 0.000200 seconds to synchronously load lazily loaded font '../../../Engine/Content/Slate/Fonts/Roboto-Regular.ttf' (155K)
[2017.12.20-02.23.07:681][831]LogContentBrowser: Native class hierarchy updated for 'BlueprintGraph' in 0.0005 seconds. Added 116 classes and 0 folders.
[2017.12.20-02.23.09:185][831]LogSlate: Took 0.028460 seconds to synchronously load lazily loaded font '../../../Engine/Content/Editor/Slate/Fonts/Roboto-BoldCondensed.ttf' (158K)
[2017.12.20-02.23.09:787][832]LogSlate: Took 0.021833 seconds to synchronously load lazily loaded font '../../../Engine/Content/Editor/Slate/Fonts/Roboto-Italic.ttf' (157K)
[2017.12.20-02.23.20:650][ 28]BlueprintLog: New page: Compile Bow
[2017.12.20-02.23.21:807][ 87]Cmd: OBJ SAVEPACKAGE PACKAGE="/Game/Blueprints/Bow" FILE="C:/Users/Quintero/Desktop/Arico Archery/AricoArchery/AricoArchery/Content/Blueprints/Bow.uasset" SILENT=true
[2017.12.20-02.23.21:986][ 87]LogSavePackage: Save=147.64ms
[2017.12.20-02.23.21:986][ 87]LogSavePackage: Moving 'C:/Users/Quintero/Desktop/Arico Archery/AricoArchery/AricoArchery/Saved/BowFFF3BC794C6A2E76506152919CBE20C1.tmp' to 'C:/Users/Quintero/Desktop/Arico Archery/AricoArchery/AricoArchery/Content/Blueprints/Bow.uasset'
[2017.12.20-02.23.22:016][ 87]LogSavePackage: Display: Finished SavePackage C:/Users/Quintero/Desktop/Arico Archery/AricoArchery/AricoArchery/Content/Blueprints/Bow.uasset
[2017.12.20-02.23.25:730][491]LogWindowsTextInputMethodSystem: Display: IME system now deactivated.
[2017.12.20-02.23.26:000][492]Cmd: QUIT_EDITOR
[2017.12.20-02.23.26:179][492]LogExit: Preparing to exit.
[2017.12.20-02.23.27:289][492]LogExit: Editor shut down
[2017.12.20-02.23.27:291][492]LogExit: Transaction tracking system shut down
[2017.12.20-02.23.27:452][492]LogDirectoryWatcher: A directory notification for '../../../Engine/Content/' was aborted.
[2017.12.20-02.23.27:452][492]LogDirectoryWatcher: A directory notification for 'C:/Users/Quintero/Desktop/Arico Archery/AricoArchery/AricoArchery/Content/' was aborted.
[2017.12.20-02.23.27:452][492]LogDirectoryWatcher: A directory notification for '../../../Engine/Plugins/2D/Paper2D/Content/' was aborted.
[2017.12.20-02.23.27:452][492]LogDirectoryWatcher: A directory notification for '../../../Engine/Plugins/Media/MediaCompositing/Content/' was aborted.
[2017.12.20-02.23.27:452][492]LogDirectoryWatcher: A directory notification for '../../../Engine/Plugins/Runtime/AppleARKit/Content/' was aborted.
[2017.12.20-02.23.27:452][492]LogDirectoryWatcher: A directory notification for '../../../Engine/Plugins/Runtime/Oculus/OculusVR/Content/' was aborted.
[2017.12.20-02.23.27:452][492]LogDirectoryWatcher: A directory notification for '../../../Engine/Plugins/Runtime/Steam/SteamVR/Content/' was aborted.
[2017.12.20-02.23.28:132][492]LogExit: Object subsystem successfully closed.
[2017.12.20-02.23.28:216][492]LogD3D11RHI: Shutdown
[2017.12.20-02.23.28:216][492]LogD3D11RHI: CleanupD3DDevice
[2017.12.20-02.23.28:217][492]LogD3D11RHI: ~FD3D11DynamicRHI
[2017.12.20-02.23.28:545][492]LogModuleManager: Shutting down and abandoning module BlueprintGraph (548)
[2017.12.20-02.23.28:545][492]LogModuleManager: Shutting down and abandoning module HierarchicalLODOutliner (546)
[2017.12.20-02.23.28:545][492]LogModuleManager: Shutting down and abandoning module SceneOutliner (544)
[2017.12.20-02.23.28:559][492]LogModuleManager: Shutting down and abandoning module AddContentDialog (542)
[2017.12.20-02.23.28:582][492]LogDirectoryWatcher: A directory notification for 'D:/Program Files (x86)/Epic Games/UE_4.18/FeaturePacks/' was aborted.
[2017.12.20-02.23.28:583][492]LogModuleManager: Shutting down and abandoning module WidgetCarousel (541)
[2017.12.20-02.23.28:583][492]LogModuleManager: Shutting down and abandoning module EditorWidgets (538)
[2017.12.20-02.23.28:583][492]LogModuleManager: Shutting down and abandoning module CollectionManager (536)
[2017.12.20-02.23.28:583][492]LogDirectoryWatcher: A directory notification for 'C:/Users/Quintero/Desktop/Arico Archery/AricoArchery/AricoArchery/Content/Collections/' was aborted.
[2017.12.20-02.23.28:583][492]LogDirectoryWatcher: A directory notification for 'C:/Users/Quintero/Desktop/Arico Archery/AricoArchery/AricoArchery/Content/Developers/Quintero/Collections/' was aborted.
[2017.12.20-02.23.28:583][492]LogDirectoryWatcher: A directory notification for 'C:/Users/Quintero/Desktop/Arico Archery/AricoArchery/AricoArchery/Saved/Collections/' was aborted.
[2017.12.20-02.23.28:583][492]LogModuleManager: Shutting down and abandoning module FoliageEdit (534)
[2017.12.20-02.23.28:583][492]LogModuleManager: Shutting down and abandoning module LandscapeEditor (532)
[2017.12.20-02.23.28:595][492]LogModuleManager: Shutting down and abandoning module MeshPaintMode (530)
[2017.12.20-02.23.28:595][492]LogModuleManager: Shutting down and abandoning module SceneDepthPickerMode (528)
[2017.12.20-02.23.28:595][492]LogModuleManager: Shutting down and abandoning module ActorPickerMode (526)
[2017.12.20-02.23.28:595][492]LogModuleManager: Shutting down and abandoning module GeometryMode (524)
[2017.12.20-02.23.28:595][492]LogModuleManager: Shutting down and abandoning module TextureAlignMode (522)
[2017.12.20-02.23.28:595][492]LogModuleManager: Shutting down and abandoning module BspMode (520)
[2017.12.20-02.23.28:595][492]LogModuleManager: Shutting down and abandoning module PIEPreviewDeviceProfileSelector (518)
[2017.12.20-02.23.28:595][492]LogModuleManager: Shutting down and abandoning module HardwareSurvey (516)
[2017.12.20-02.23.28:595][492]LogModuleManager: Shutting down and abandoning module SequenceRecorderSections (514)
[2017.12.20-02.23.28:595][492]LogModuleManager: Shutting down and abandoning module AutomationWorker (512)
[2017.12.20-02.23.28:595][492]LogModuleManager: Shutting down and abandoning module MatineeToLevelSequence (510)
[2017.12.20-02.23.28:595][492]LogModuleManager: Shutting down and abandoning module LevelSequenceEditor (508)
[2017.12.20-02.23.28:618][492]LogModuleManager: Shutting down and abandoning module PlacementMode (507)
[2017.12.20-02.23.28:618][492]LogModuleManager: Shutting down and abandoning module WmfMediaFactory (504)
[2017.12.20-02.23.28:618][492]LogModuleManager: Shutting down and abandoning module WmfMediaEditor (502)
[2017.12.20-02.23.28:618][492]LogModuleManager: Shutting down and abandoning module OpenExrWrapper (500)
[2017.12.20-02.23.28:618][492]LogModuleManager: Shutting down and abandoning module ImgMediaFactory (498)
[2017.12.20-02.23.28:618][492]LogModuleManager: Shutting down and abandoning module ImgMediaEditor (496)
[2017.12.20-02.23.28:618][492]LogModuleManager: Shutting down and abandoning module AvfMediaFactory (494)
[2017.12.20-02.23.28:618][492]LogModuleManager: Shutting down and abandoning module AvfMediaEditor (492)
[2017.12.20-02.23.28:618][492]LogModuleManager: Shutting down and abandoning module AndroidMediaFactory (490)
[2017.12.20-02.23.28:618][492]LogModuleManager: Shutting down and abandoning module AndroidMediaEditor (488)
[2017.12.20-02.23.28:618][492]LogModuleManager: Shutting down and abandoning module CharacterAI (486)
[2017.12.20-02.23.28:618][492]LogModuleManager: Shutting down and abandoning module AudioCapture (484)
[2017.12.20-02.23.28:618][492]LogModuleManager: Shutting down and abandoning module SequenceRecorder (483)
[2017.12.20-02.23.28:618][492]LogModuleManager: Shutting down and abandoning module SmartSnapping (480)
[2017.12.20-02.23.28:618][492]LogModuleManager: Shutting down and abandoning module SessionServices (478)
[2017.12.20-02.23.28:618][492]LogModuleManager: Shutting down and abandoning module ViewportSnapping (476)
[2017.12.20-02.23.28:618][492]LogModuleManager: Shutting down and abandoning module ViewportInteraction (474)
[2017.12.20-02.23.28:618][492]LogModuleManager: Shutting down and abandoning module ClothPainter (472)
[2017.12.20-02.23.28:618][492]LogModuleManager: Shutting down and abandoning module SkeletalMeshEditor (471)
[2017.12.20-02.23.28:640][492]LogModuleManager: Shutting down and abandoning module LogVisualizer (468)
[2017.12.20-02.23.28:641][492]LogModuleManager: Shutting down and abandoning module IntroTutorials (466)
[2017.12.20-02.23.28:641][492]LogModuleManager: Shutting down and abandoning module GameProjectGeneration (465)
[2017.12.20-02.23.28:660][492]LogModuleManager: Shutting down and abandoning module IOSPlatformEditor (462)
[2017.12.20-02.23.28:660][492]LogModuleManager: Shutting down and abandoning module HTML5PlatformEditor (460)
[2017.12.20-02.23.28:660][492]LogModuleManager: Shutting down and abandoning module AndroidPlatformEditor (458)
[2017.12.20-02.23.28:660][492]LogModuleManager: Shutting down and abandoning module AndroidDeviceDetection (457)
[2017.12.20-02.23.29:138][492]LogModuleManager: Shutting down and abandoning module WindowsPlatformEditor (454)
[2017.12.20-02.23.29:138][492]LogModuleManager: Shutting down and abandoning module IOSRuntimeSettings (452)
[2017.12.20-02.23.29:139][492]LogModuleManager: Shutting down and abandoning module AndroidRuntimeSettings (450)
[2017.12.20-02.23.29:139][492]LogModuleManager: Shutting down and abandoning module InputBindingEditor (448)
[2017.12.20-02.23.29:139][492]LogModuleManager: Shutting down and abandoning module MergeActors (446)
[2017.12.20-02.23.29:157][492]LogModuleManager: Shutting down and abandoning module SizeMap (444)
[2017.12.20-02.23.29:157][492]LogModuleManager: Shutting down and abandoning module TreeMap (442)
[2017.12.20-02.23.29:157][492]LogModuleManager: Shutting down and abandoning module ReferenceViewer (440)
[2017.12.20-02.23.29:157][492]LogModuleManager: Shutting down and abandoning module LocalizationDashboard (438)
[2017.12.20-02.23.29:165][492]LogModuleManager: Shutting down and abandoning module LocalizationService (437)
[2017.12.20-02.23.29:165][492]LogModuleManager: Shutting down and abandoning module HardwareTargeting (434)
[2017.12.20-02.23.29:165][492]LogModuleManager: Shutting down and abandoning module DeviceProfileEditor (432)
[2017.12.20-02.23.29:165][492]LogModuleManager: Shutting down and abandoning module UndoHistory (430)
[2017.12.20-02.23.29:165][492]LogModuleManager: Shutting down and abandoning module XmlParser (428)
[2017.12.20-02.23.29:165][492]LogModuleManager: Shutting down and abandoning module Blutility (426)
[2017.12.20-02.23.29:165][492]LogModuleManager: Shutting down and abandoning module ProjectSettingsViewer (424)
[2017.12.20-02.23.29:165][492]LogModuleManager: Shutting down and abandoning module ProjectTargetPlatformEditor (423)
[2017.12.20-02.23.29:165][492]LogModuleManager: Shutting down and abandoning module EditorSettingsViewer (420)
[2017.12.20-02.23.29:166][492]LogModuleManager: Shutting down and abandoning module SettingsEditor (418)
[2017.12.20-02.23.29:191][492]LogModuleManager: Shutting down and abandoning module ProjectLauncher (416)
[2017.12.20-02.23.29:209][492]LogModuleManager: Shutting down and abandoning module SessionFrontend (414)
[2017.12.20-02.23.29:209][492]LogModuleManager: Shutting down and abandoning module ProfilerClient (412)
[2017.12.20-02.23.29:216][492]LogModuleManager: Shutting down and abandoning module DeviceManager (410)
[2017.12.20-02.23.29:216][492]LogModuleManager: Shutting down and abandoning module TargetDeviceServices (409)
[2017.12.20-02.23.29:268][492]LogModuleManager: Shutting down and abandoning module AutomationController (406)
[2017.12.20-02.23.29:285][492]LogModuleManager: Shutting down and abandoning module AutomationWindow (404)
[2017.12.20-02.23.29:287][492]LogModuleManager: Shutting down and abandoning module Layers (402)
[2017.12.20-02.23.29:323][492]LogModuleManager: Shutting down and abandoning module ComponentVisualizers (400)
[2017.12.20-02.23.29:323][492]LogModuleManager: Shutting down and abandoning module DetailCustomizations (398)
[2017.12.20-02.23.29:323][492]LogModuleManager: Shutting down and abandoning module PackagesDialog (396)
[2017.12.20-02.23.29:323][492]LogModuleManager: Shutting down and abandoning module Persona (394)
[2017.12.20-02.23.29:338][492]LogModuleManager: Shutting down and abandoning module AdvancedPreviewScene (393)
[2017.12.20-02.23.29:338][492]LogModuleManager: Shutting down and abandoning module AnimGraph (391)
[2017.12.20-02.23.29:338][492]LogModuleManager: Shutting down and abandoning module Kismet (388)
[2017.12.20-02.23.29:342][492]LogModuleManager: Shutting down and abandoning module ClassViewer (386)
[2017.12.20-02.23.29:342][492]LogModuleManager: Shutting down and abandoning module Toolbox (384)
[2017.12.20-02.23.29:342][492]LogModuleManager: Shutting down and abandoning module ModuleUI (382)
[2017.12.20-02.23.29:357][492]LogModuleManager: Shutting down and abandoning module MovieSceneTools (380)
[2017.12.20-02.23.29:374][492]LogModuleManager: Shutting down and abandoning module OutputLog (378)
[2017.12.20-02.23.29:374][492]LogModuleManager: Shutting down and abandoning module GammaUI (376)
[2017.12.20-02.23.29:382][492]LogModuleManager: Shutting down and abandoning module Documentation (374)
[2017.12.20-02.23.29:382][492]LogModuleManager: Shutting down and abandoning module MovieSceneTracks (372)
[2017.12.20-02.23.29:390][492]LogModuleManager: Shutting down and abandoning module MovieScene (370)
[2017.12.20-02.23.29:391][492]LogModuleManager: Shutting down and abandoning module StreamingPauseRendering (368)
[2017.12.20-02.23.29:391][492]LogModuleManager: Shutting down and abandoning module LauncherPlatform (366)
[2017.12.20-02.23.29:391][492]LogModuleManager: Shutting down and abandoning module AnalyticsET (364)
[2017.12.20-02.23.29:391][492]LogModuleManager: Shutting down and abandoning module PortalServices (362)
[2017.12.20-02.23.29:391][492]LogModuleManager: Shutting down and abandoning module PortalRpc (360)
[2017.12.20-02.23.29:391][492]LogModuleManager: Shutting down and abandoning module MessagingRpc (358)
[2017.12.20-02.23.29:391][492]LogModuleManager: Shutting down and abandoning module AIModule (356)
[2017.12.20-02.23.29:391][492]LogModuleManager: Shutting down and abandoning module GameplayDebugger (355)
[2017.12.20-02.23.29:391][492]LogModuleManager: Shutting down and abandoning module AITestSuite (353)
[2017.12.20-02.23.29:391][492]LogModuleManager: Shutting down and abandoning module DesktopPlatform (350)
[2017.12.20-02.23.29:391][492]LogModuleManager: Shutting down and abandoning module ProfilerService (348)
[2017.12.20-02.23.29:501][492]LogModuleManager: Shutting down and abandoning module TaskGraph (346)
[2017.12.20-02.23.29:501][492]LogModuleManager: Shutting down and abandoning module SteamVRController (344)
[2017.12.20-02.23.29:501][492]LogModuleManager: Shutting down and abandoning module ProceduralMeshComponentEditor (342)
[2017.12.20-02.23.29:501][492]LogModuleManager: Shutting down and abandoning module ProceduralMeshComponent (340)
[2017.12.20-02.23.29:501][492]LogModuleManager: Shutting down and abandoning module OculusInput (338)
[2017.12.20-02.23.29:501][492]LogModuleManager: Shutting down and abandoning module MobilePatchingUtils (336)
[2017.12.20-02.23.29:501][492]LogModuleManager: Shutting down and abandoning module CustomMeshComponent (334)
[2017.12.20-02.23.29:501][492]LogModuleManager: Shutting down and abandoning module CableComponent (332)
[2017.12.20-02.23.29:501][492]LogModuleManager: Shutting down and abandoning module ArchVisCharacter (330)
[2017.12.20-02.23.29:501][492]LogModuleManager: Shutting down and abandoning module AndroidPermission (328)
[2017.12.20-02.23.29:501][492]LogModuleManager: Shutting down and abandoning module ActorSequence (324)
[2017.12.20-02.23.29:501][492]LogModuleManager: Shutting down and abandoning module MediaPlayerEditor (322)
[2017.12.20-02.23.29:524][492]LogModuleManager: Shutting down and abandoning module MediaCompositingEditor (320)
[2017.12.20-02.23.29:524][492]LogModuleManager: Shutting down and abandoning module MediaCompositing (318)
[2017.12.20-02.23.29:524][492]LogModuleManager: Shutting down and abandoning module HTML5Networking (316)
[2017.12.20-02.23.29:524][492]LogModuleManager: Shutting down and abandoning module AlembicImporter (314)
[2017.12.20-02.23.29:542][492]LogModuleManager: Shutting down and abandoning module AlembicLibrary (313)
[2017.12.20-02.23.29:542][492]LogModuleManager: Shutting down and abandoning module GeometryCache (312)
[2017.12.20-02.23.29:542][492]LogModuleManager: Shutting down and abandoning module GeometryCacheEd (311)
[2017.12.20-02.23.29:542][492]LogModuleManager: Shutting down and abandoning module SpeedTreeImporter (306)
[2017.12.20-02.23.29:542][492]LogModuleManager: Shutting down and abandoning module PluginBrowser (304)
[2017.12.20-02.23.29:566][492]LogModuleManager: Shutting down and abandoning module MobileLauncherProfileWizard (302)
[2017.12.20-02.23.29:574][492]LogModuleManager: Shutting down and abandoning module VisualStudioSourceCodeAccess (300)
[2017.12.20-02.23.29:574][492]LogModuleManager: Shutting down and abandoning module VisualStudioCodeSourceCodeAccess (298)
[2017.12.20-02.23.29:574][492]LogModuleManager: Shutting down and abandoning module UObjectPlugin (296)
[2017.12.20-02.23.29:574][492]LogModuleManager: Shutting down and abandoning module SubversionSourceControl (294)
[2017.12.20-02.23.29:574][492]LogModuleManager: Shutting down and abandoning module PerforceSourceControl (292)
[2017.12.20-02.23.29:594][492]LogModuleManager: Shutting down and abandoning module GitSourceControl (290)
[2017.12.20-02.23.29:594][492]LogModuleManager: Shutting down and abandoning module SourceControl (289)
[2017.12.20-02.23.29:594][492]LogModuleManager: Shutting down and abandoning module LightPropagationVolumeEditor (286)
[2017.12.20-02.23.29:594][492]LogModuleManager: Shutting down and abandoning module PaperTiledImporter (284)
[2017.12.20-02.23.29:594][492]LogModuleManager: Shutting down and abandoning module PaperSpriteSheetImporter (282)
[2017.12.20-02.23.29:594][492]LogModuleManager: Shutting down and abandoning module Paper2DEditor (280)
[2017.12.20-02.23.29:605][492]LogModuleManager: Shutting down and abandoning module MeshPaint (279)
[2017.12.20-02.23.29:605][492]LogModuleManager: Shutting down and abandoning module LevelEditor (277)
[2017.12.20-02.23.29:605][492]LogModuleManager: Shutting down and abandoning module PixelInspectorModule (276)
[2017.12.20-02.23.29:605][492]LogModuleManager: Shutting down and abandoning module MainFrame (274)
[2017.12.20-02.23.29:605][492]LogModuleManager: Shutting down and abandoning module HotReload (273)
[2017.12.20-02.23.29:606][492]LogModuleManager: Shutting down and abandoning module RuntimePhysXCooking (268)
[2017.12.20-02.23.29:606][492]LogModuleManager: Shutting down and abandoning module PhysXVehiclesEditor (266)
[2017.12.20-02.23.29:606][492]LogModuleManager: Shutting down and abandoning module PhysXVehicles (264)
[2017.12.20-02.23.29:606][492]LogModuleManager: Shutting down and abandoning module OculusEditor (262)
[2017.12.20-02.23.29:606][492]LogModuleManager: Shutting down and abandoning module LocationServicesBPLibrary (260)
[2017.12.20-02.23.29:606][492]LogModuleManager: Shutting down and abandoning module ImmediatePhysicsEditor (258)
[2017.12.20-02.23.29:606][492]LogModuleManager: Shutting down and abandoning module ImmediatePhysics (256)
[2017.12.20-02.23.29:606][492]LogModuleManager: Shutting down and abandoning module UdpMessaging (254)
[2017.12.20-02.23.29:706][492]LogModuleManager: Shutting down and abandoning module TcpMessaging (252)
[2017.12.20-02.23.29:807][492]LogModuleManager: Shutting down and abandoning module GameplayTagsEditor (250)
[2017.12.20-02.23.29:807][492]LogModuleManager: Shutting down and abandoning module FacialAnimationEditor (248)
[2017.12.20-02.23.29:807][492]LogModuleManager: Shutting down and abandoning module FacialAnimation (246)
[2017.12.20-02.23.29:807][492]LogModuleManager: Shutting down and abandoning module AssetManagerEditor (244)
[2017.12.20-02.23.29:807][492]LogModuleManager: Shutting down and abandoning module GraphEditor (243)
[2017.12.20-02.23.29:807][492]LogModuleManager: Shutting down and abandoning module ContentBrowser (241)
[2017.12.20-02.23.29:807][492]LogModuleManager: Shutting down and abandoning module LightPropagationVolumeRuntime (238)
[2017.12.20-02.23.29:807][492]LogModuleManager: Shutting down and abandoning module Paper2D (236)
[2017.12.20-02.23.29:807][492]LogModuleManager: Shutting down and abandoning module WindowsMoviePlayer (234)
[2017.12.20-02.23.29:808][492]LogModuleManager: Shutting down and abandoning module WmfMedia (232)
[2017.12.20-02.23.29:828][492]LogModuleManager: Shutting down and abandoning module ImgMedia (230)
[2017.12.20-02.23.29:828][492]LogModuleManager: Shutting down and abandoning module PacketHandler (228)
[2017.12.20-02.23.29:828][492]LogModuleManager: Shutting down and abandoning module ClothingSystemEditor (226)
[2017.12.20-02.23.29:828][492]LogModuleManager: Shutting down and abandoning module ClothingSystemRuntime (224)
[2017.12.20-02.23.29:845][492]LogModuleManager: Shutting down and abandoning module MediaAssets (222)
[2017.12.20-02.23.29:845][492]LogModuleManager: Shutting down and abandoning module Media (221)
[2017.12.20-02.23.29:851][492]LogModuleManager: Shutting down and abandoning module Overlay (218)
[2017.12.20-02.23.29:851][492]LogModuleManager: Shutting down and abandoning module OverlayEditor (217)
[2017.12.20-02.23.29:851][492]LogModuleManager: Shutting down and abandoning module VREditor (214)
[2017.12.20-02.23.29:859][492]LogModuleManager: Shutting down and abandoning module StringTableEditor (212)
[2017.12.20-02.23.29:859][492]LogModuleManager: Shutting down and abandoning module GameplayTasksEditor (210)
[2017.12.20-02.23.29:859][492]LogModuleManager: Shutting down and abandoning module BehaviorTreeEditor (208)
[2017.12.20-02.23.29:882][492]LogModuleManager: Shutting down and abandoning module FunctionalTesting (206)
[2017.12.20-02.23.29:882][492]LogModuleManager: Shutting down and abandoning module CollisionAnalyzer (204)
[2017.12.20-02.23.29:882][492]LogModuleManager: Shutting down and abandoning module WorkspaceMenuStructure (203)
[2017.12.20-02.23.29:882][492]LogModuleManager: Shutting down and abandoning module UMG (200)
[2017.12.20-02.23.29:897][492]LogModuleManager: Shutting down and abandoning module UMGEditor (199)
[2017.12.20-02.23.29:916][492]LogModuleManager: Shutting down and abandoning module Sequencer (198)
[2017.12.20-02.23.29:927][492]LogModuleManager: Shutting down and abandoning module MessageLog (195)
[2017.12.20-02.23.29:927][492]LogModuleManager: Shutting down and abandoning module SlateReflector (190)
[2017.12.20-02.23.29:940][492]LogModuleManager: Shutting down and abandoning module Slate (188)
[2017.12.20-02.23.29:940][492]LogModuleManager: Shutting down and abandoning module EditorStyle (186)
[2017.12.20-02.23.29:941][492]LogModuleManager: Shutting down and abandoning module MRMesh (184)
[2017.12.20-02.23.29:941][492]LogModuleManager: Shutting down and abandoning module SourceCodeAccess (182)
[2017.12.20-02.23.29:941][492]LogModuleManager: Shutting down and abandoning module HeadMountedDisplay (180)
[2017.12.20-02.23.29:941][492]LogModuleManager: Shutting down and abandoning module XAudio2 (178)
[2017.12.20-02.23.29:941][492]LogModuleManager: Shutting down and abandoning module Networking (176)
[2017.12.20-02.23.29:941][492]LogModuleManager: Shutting down and abandoning module Core (172)
[2017.12.20-02.23.29:941][492]LogModuleManager: Shutting down and abandoning module LevelSequence (168)
[2017.12.20-02.23.29:941][492]LogModuleManager: Shutting down and abandoning module DirectoryWatcher (166)
[2017.12.20-02.23.29:942][492]LogModuleManager: Shutting down and abandoning module KismetCompiler (164)
[2017.12.20-02.23.29:942][492]LogModuleManager: Shutting down and abandoning module MeshUtilities (162)
[2017.12.20-02.23.29:960][492]LogModuleManager: Shutting down and abandoning module MeshMergeUtilities (161)
[2017.12.20-02.23.29:960][492]LogModuleManager: Shutting down and abandoning module MeshReductionInterface (160)
[2017.12.20-02.23.29:960][492]LogModuleManager: Shutting down and abandoning module SimplygonSwarm (159)
[2017.12.20-02.23.29:969][492]LogModuleManager: Shutting down and abandoning module SimplygonMeshReduction (157)
[2017.12.20-02.23.29:969][492]LogModuleManager: Shutting down and abandoning module QuadricMeshReduction (155)
[2017.12.20-02.23.29:969][492]LogModuleManager: Shutting down and abandoning module MaterialBaking (151)
[2017.12.20-02.23.29:969][492]LogModuleManager: Shutting down and abandoning module DerivedDataCache (148)
[2017.12.20-02.23.30:057][492]LogDerivedDataCache: Shutdown
[2017.12.20-02.23.30:057][492]LogModuleManager: Shutting down and abandoning module TargetPlatform (146)
[2017.12.20-02.23.30:057][492]LogModuleManager: Shutting down and abandoning module VulkanShaderFormat (145)
[2017.12.20-02.23.30:057][492]LogModuleManager: Shutting down and abandoning module ShaderFormatVectorVM (143)
[2017.12.20-02.23.30:065][492]LogModuleManager: Shutting down and abandoning module ShaderFormatOpenGL (141)
[2017.12.20-02.23.30:077][492]LogModuleManager: Shutting down and abandoning module ShaderFormatD3D (139)
[2017.12.20-02.23.30:077][492]LogModuleManager: Shutting down and abandoning module MetalShaderFormat (137)
[2017.12.20-02.23.30:086][492]LogModuleManager: Shutting down and abandoning module TextureFormatUncompressed (135)
[2017.12.20-02.23.30:086][492]LogModuleManager: Shutting down and abandoning module TextureFormatPVR (133)
[2017.12.20-02.23.30:086][492]LogModuleManager: Shutting down and abandoning module TextureFormatDXT (131)
[2017.12.20-02.23.30:086][492]LogModuleManager: Shutting down and abandoning module TextureFormatIntelISPCTexComp (129)
[2017.12.20-02.23.30:086][492]LogModuleManager: Shutting down and abandoning module TextureFormatASTC (127)
[2017.12.20-02.23.30:086][492]LogModuleManager: Shutting down and abandoning module ImageWrapper (126)
[2017.12.20-02.23.30:086][492]LogModuleManager: Shutting down and abandoning module TextureFormatAndroid (123)
[2017.12.20-02.23.30:086][492]LogModuleManager: Shutting down and abandoning module AudioFormatOpus (121)
[2017.12.20-02.23.30:086][492]LogModuleManager: Shutting down and abandoning module AudioFormatOgg (119)
[2017.12.20-02.23.30:086][492]LogModuleManager: Shutting down and abandoning module AudioFormatADPCM (117)
[2017.12.20-02.23.30:086][492]LogModuleManager: Shutting down and abandoning module LinuxTargetPlatform (115)
[2017.12.20-02.23.30:086][492]LogModuleManager: Shutting down and abandoning module LinuxServerTargetPlatform (113)
[2017.12.20-02.23.30:086][492]LogModuleManager: Shutting down and abandoning module LinuxNoEditorTargetPlatform (111)
[2017.12.20-02.23.30:086][492]LogModuleManager: Shutting down and abandoning module LinuxClientTargetPlatform (109)
[2017.12.20-02.23.30:086][492]LogModuleManager: Shutting down and abandoning module TVOSTargetPlatform (107)
[2017.12.20-02.23.30:086][492]LogModuleManager: Shutting down and abandoning module Messaging (105)
[2017.12.20-02.23.30:086][492]LogModuleManager: Shutting down and abandoning module IOSTargetPlatform (103)
[2017.12.20-02.23.30:086][492]LogModuleManager: Shutting down and abandoning module HTML5TargetPlatform (101)
[2017.12.20-02.23.30:086][492]LogModuleManager: Shutting down and abandoning module AndroidTargetPlatform (99)
[2017.12.20-02.23.30:086][492]LogModuleManager: Shutting down and abandoning module Android_PVRTCTargetPlatform (97)
[2017.12.20-02.23.30:086][492]LogModuleManager: Shutting down and abandoning module Android_MultiTargetPlatform (95)
[2017.12.20-02.23.30:086][492]LogModuleManager: Shutting down and abandoning module Android_ETC2TargetPlatform (93)
[2017.12.20-02.23.30:086][492]LogModuleManager: Shutting down and abandoning module Android_ETC1TargetPlatform (91)
[2017.12.20-02.23.30:086][492]LogModuleManager: Shutting down and abandoning module Android_DXTTargetPlatform (89)
[2017.12.20-02.23.30:086][492]LogModuleManager: Shutting down and abandoning module Android_ATCTargetPlatform (87)
[2017.12.20-02.23.30:086][492]LogModuleManager: Shutting down and abandoning module Android_ASTCTargetPlatform (85)
[2017.12.20-02.23.30:086][492]LogModuleManager: Shutting down and abandoning module WindowsTargetPlatform (83)
[2017.12.20-02.23.30:086][492]LogModuleManager: Shutting down and abandoning module WindowsServerTargetPlatform (81)
[2017.12.20-02.23.30:086][492]LogModuleManager: Shutting down and abandoning module WindowsNoEditorTargetPlatform (79)
[2017.12.20-02.23.30:086][492]LogModuleManager: Shutting down and abandoning module WindowsClientTargetPlatform (77)
[2017.12.20-02.23.30:086][492]LogModuleManager: Shutting down and abandoning module MacTargetPlatform (75)
[2017.12.20-02.23.30:086][492]LogModuleManager: Shutting down and abandoning module MacServerTargetPlatform (73)
[2017.12.20-02.23.30:086][492]LogModuleManager: Shutting down and abandoning module MacNoEditorTargetPlatform (71)
[2017.12.20-02.23.30:086][492]LogModuleManager: Shutting down and abandoning module MacClientTargetPlatform (69)
[2017.12.20-02.23.30:086][492]LogModuleManager: Shutting down and abandoning module AllDesktopTargetPlatform (67)
[2017.12.20-02.23.30:086][492]LogModuleManager: Shutting down and abandoning module InputCore (64)
[2017.12.20-02.23.30:086][492]LogModuleManager: Shutting down and abandoning module Settings (62)
[2017.12.20-02.23.30:086][492]LogModuleManager: Shutting down and abandoning module PhysXCooking (60)
[2017.12.20-02.23.30:086][492]LogModuleManager: Shutting down and abandoning module SteamVR (58)
[2017.12.20-02.23.30:086][492]LogModuleManager: Shutting down and abandoning module OculusHMD (56)
[2017.12.20-02.23.30:086][492]LogModuleManager: Shutting down and abandoning module ExampleDeviceProfileSelector (54)
[2017.12.20-02.23.30:086][492]LogModuleManager: Shutting down and abandoning module AppleARKit (52)
[2017.12.20-02.23.30:086][492]LogModuleManager: Shutting down and abandoning module AugmentedReality (51)
[2017.12.20-02.23.30:086][492]LogModuleManager: Shutting down and abandoning module OnlineBlueprintSupport (48)
[2017.12.20-02.23.30:086][492]LogModuleManager: Shutting down and abandoning module OnlineSubsystem (44)
[2017.12.20-02.23.30:104][492]LogModuleManager: Shutting down and abandoning module XMPP (43)
[2017.12.20-02.23.30:113][492]LogModuleManager: Shutting down and abandoning module HTTP (41)
[2017.12.20-02.23.30:113][492]LogHttp: Display: Http module shutting down, but needs to wait on 1 outstanding Http requests:
[2017.12.20-02.23.30:128][492]LogHttp: Display: 	verb=[POST] url=[https://datarouter.ol.epicgames.com/datarouter/api/v1/public/data?SessionID=%7B8A0EE41D-4685-DDE9-246D-F28299CC130B%7D&AppID=UEEditor.Rocket.Release&AppVersion=4.18.1-3754814%2B%2B%2BUE4%2BRelease-4.18&UserID=a57aad8640406dd7b22ece85a95e7e21%7C9c240b143d404b14bb04d89427d82aef%7C3d3b9936-e33b-4ff1-b34e-f6c967b56ce8&AppEnvironment=datacollector-binary&UploadType=eteventstream] status=Processing
[2017.12.20-02.23.30:136][492]LogModuleManager: Shutting down and abandoning module SSL (40)
[2017.12.20-02.23.30:137][492]LogModuleManager: Shutting down and abandoning module AnimationModifiers (36)
[2017.12.20-02.23.30:137][492]LogModuleManager: Shutting down and abandoning module PropertyEditor (35)
[2017.12.20-02.23.30:137][492]LogModuleManager: Shutting down and abandoning module AudioEditor (32)
[2017.12.20-02.23.30:163][492]LogModuleManager: Shutting down and abandoning module TextureCompressor (30)
[2017.12.20-02.23.30:169][492]LogModuleManager: Shutting down and abandoning module ShaderCore (28)
[2017.12.20-02.23.30:169][492]LogModuleManager: Shutting down and abandoning module Landscape (26)
[2017.12.20-02.23.30:169][492]LogModuleManager: Shutting down and abandoning module SlateRHIRenderer (24)
[2017.12.20-02.23.30:186][492]LogModuleManager: Shutting down and abandoning module OpenGLDrv (22)
[2017.12.20-02.23.30:203][492]LogModuleManager: Shutting down and abandoning module D3D11RHI (20)
[2017.12.20-02.23.30:203][492]LogModuleManager: Shutting down and abandoning module AnimGraphRuntime (18)
[2017.12.20-02.23.30:203][492]LogModuleManager: Shutting down and abandoning module Renderer (16)
[2017.12.20-02.23.30:203][492]LogModuleManager: Shutting down and abandoning module Engine (14)
[2017.12.20-02.23.30:203][492]LogModuleManager: Shutting down and abandoning module CoreUObject (12)
[2017.12.20-02.23.30:203][492]LogModuleManager: Shutting down and abandoning module NetworkFile (10)
[2017.12.20-02.23.30:203][492]LogModuleManager: Shutting down and abandoning module CookedIterativeFile (8)
[2017.12.20-02.23.30:203][492]LogModuleManager: Shutting down and abandoning module StreamingFile (6)
[2017.12.20-02.23.30:203][492]LogModuleManager: Shutting down and abandoning module SandboxFile (4)
[2017.12.20-02.23.30:203][492]LogModuleManager: Shutting down and abandoning module PakFile (2)
[2017.12.20-02.23.30:205][492]LogExit: Exiting.
[2017.12.20-02.23.30:212][492]Log file closed, 12/20/17 13:23:30
