Log file open, 12/01/17 14:50:05
LogWindows: Failed to load 'aqProf.dll' (GetLastError=126)
LogWindows: File 'aqProf.dll' does not exist
LogWindows: Failed to load 'VSPerf140.dll' (GetLastError=126)
LogWindows: File 'VSPerf140.dll' does not exist
LogWindows: Failed to load 'VtuneApi.dll' (GetLastError=126)
LogWindows: File 'VtuneApi.dll' does not exist
LogWindows: Failed to load 'VtuneApi32e.dll' (GetLastError=126)
LogWindows: File 'VtuneApi32e.dll' does not exist
LogInit: Display: Running engine for game: AricoArchery
LogPlatformFile: Not using cached read wrapper
LogInit: Display: RandInit(2072033194) SRandInit(2072033194).
LogInit: Read version file with build ID '3709383'
LogInit: Overriding engine version to CL 3754814, compatible CL 3709383
LogInit: Registered custom module enumerator with build ID '3709383'
LogTaskGraph: Started task graph with 5 named threads and 14 total threads with 3 sets of task threads.
LogStats: Stats thread started at 0.160437
LogD3D11RHI: Aftermath initialized
LogModuleManager: Display: Found up-to-date module file ../../../Engine/Plugins/2D/Paper2D/Binaries/Win64/UE4Editor-Paper2D.dll (API version 3709383).
LogModuleManager: Display: Found up-to-date module file ../../../Engine/Plugins/2D/Paper2D/Binaries/Win64/UE4Editor-Paper2DEditor.dll (API version 3709383).
LogModuleManager: Display: Found up-to-date module file ../../../Engine/Plugins/2D/Paper2D/Binaries/Win64/UE4Editor-PaperSpriteSheetImporter.dll (API version 3709383).
LogModuleManager: Display: Found up-to-date module file ../../../Engine/Plugins/2D/Paper2D/Binaries/Win64/UE4Editor-PaperTiledImporter.dll (API version 3709383).
LogModuleManager: Display: Found up-to-date module file ../../../Engine/Plugins/2D/Paper2D/Binaries/Win64/UE4Editor-SmartSnapping.dll (API version 3709383).
LogModuleManager: Display: Found up-to-date module file ../../../Engine/Plugins/Blendables/LightPropagationVolume/Binaries/Win64/UE4Editor-LightPropagationVolumeRuntime.dll (API version 3709383).
LogModuleManager: Display: Found up-to-date module file ../../../Engine/Plugins/Blendables/LightPropagationVolume/Binaries/Win64/UE4Editor-LightPropagationVolumeEditor.dll (API version 3709383).
LogModuleManager: Display: Found up-to-date module file ../../../Engine/Plugins/Developer/GitSourceControl/Binaries/Win64/UE4Editor-GitSourceControl.dll (API version 3709383).
LogModuleManager: Display: Found up-to-date module file ../../../Engine/Plugins/Developer/PerforceSourceControl/Binaries/Win64/UE4Editor-PerforceSourceControl.dll (API version 3709383).
LogModuleManager: Display: Found up-to-date module file ../../../Engine/Plugins/Developer/SubversionSourceControl/Binaries/Win64/UE4Editor-SubversionSourceControl.dll (API version 3709383).
LogModuleManager: Display: Found up-to-date module file ../../../Engine/Plugins/Developer/UObjectPlugin/Binaries/Win64/UE4Editor-UObjectPlugin.dll (API version 3709383).
LogModuleManager: Display: Found up-to-date module file ../../../Engine/Plugins/Developer/VisualStudioCodeSourceCodeAccess/Binaries/Win64/UE4Editor-VisualStudioCodeSourceCodeAccess.dll (API version 3709383).
LogModuleManager: Display: Found up-to-date module file ../../../Engine/Plugins/Developer/VisualStudioSourceCodeAccess/Binaries/Win64/UE4Editor-VisualStudioSourceCodeAccess.dll (API version 3709383).
LogModuleManager: Display: Found up-to-date module file ../../../Engine/Plugins/Editor/AssetManagerEditor/Binaries/Win64/UE4Editor-AssetManagerEditor.dll (API version 3709383).
LogModuleManager: Display: Found up-to-date module file ../../../Engine/Plugins/Editor/AudioCapture/Binaries/Win64/UE4Editor-AudioCapture.dll (API version 3709383).
LogModuleManager: Display: Found up-to-date module file ../../../Engine/Plugins/Editor/FacialAnimation/Binaries/Win64/UE4Editor-FacialAnimation.dll (API version 3709383).
LogModuleManager: Display: Found up-to-date module file ../../../Engine/Plugins/Editor/FacialAnimation/Binaries/Win64/UE4Editor-FacialAnimationEditor.dll (API version 3709383).
LogModuleManager: Display: Found up-to-date module file ../../../Engine/Plugins/Editor/GameplayTagsEditor/Binaries/Win64/UE4Editor-GameplayTagsEditor.dll (API version 3709383).
LogModuleManager: Display: Found up-to-date module file ../../../Engine/Plugins/Editor/MobileLauncherProfileWizard/Binaries/Win64/UE4Editor-MobileLauncherProfileWizard.dll (API version 3709383).
LogModuleManager: Display: Found up-to-date module file ../../../Engine/Plugins/Editor/PluginBrowser/Binaries/Win64/UE4Editor-PluginBrowser.dll (API version 3709383).
LogModuleManager: Display: Found up-to-date module file ../../../Engine/Plugins/Editor/SpeedTreeImporter/Binaries/Win64/UE4Editor-SpeedTreeImporter.dll (API version 3709383).
LogModuleManager: Display: Found up-to-date module file ../../../Engine/Plugins/Experimental/AlembicImporter/Binaries/Win64/UE4Editor-AlembicImporter.dll (API version 3709383).
LogModuleManager: Display: Found up-to-date module file ../../../Engine/Plugins/Experimental/AlembicImporter/Binaries/Win64/UE4Editor-AlembicLibrary.dll (API version 3709383).
LogModuleManager: Display: Found up-to-date module file ../../../Engine/Plugins/Experimental/CharacterAI/Binaries/Win64/UE4Editor-CharacterAI.dll (API version 3709383).
LogModuleManager: Display: Found up-to-date module file ../../../Engine/Plugins/Experimental/HTML5Networking/Binaries/Win64/UE4Editor-HTML5Networking.dll (API version 3709383).
LogModuleManager: Display: Found up-to-date module file ../../../Engine/Plugins/Media/AndroidMedia/Binaries/Win64/UE4Editor-AndroidMediaEditor.dll (API version 3709383).
LogModuleManager: Display: Found up-to-date module file ../../../Engine/Plugins/Media/AndroidMedia/Binaries/Win64/UE4Editor-AndroidMediaFactory.dll (API version 3709383).
LogModuleManager: Display: Found up-to-date module file ../../../Engine/Plugins/Media/AvfMedia/Binaries/Win64/UE4Editor-AvfMediaEditor.dll (API version 3709383).
LogModuleManager: Display: Found up-to-date module file ../../../Engine/Plugins/Media/AvfMedia/Binaries/Win64/UE4Editor-AvfMediaFactory.dll (API version 3709383).
LogModuleManager: Display: Found up-to-date module file ../../../Engine/Plugins/Media/AvfMedia/Binaries/Win64/UE4Editor-AvfMediaFactory.dll (API version 3709383).
LogModuleManager: Display: Found up-to-date module file ../../../Engine/Plugins/Media/ImgMedia/Binaries/Win64/UE4Editor-ImgMedia.dll (API version 3709383).
LogModuleManager: Display: Found up-to-date module file ../../../Engine/Plugins/Media/ImgMedia/Binaries/Win64/UE4Editor-ImgMediaEditor.dll (API version 3709383).
LogModuleManager: Display: Found up-to-date module file ../../../Engine/Plugins/Media/ImgMedia/Binaries/Win64/UE4Editor-ImgMediaFactory.dll (API version 3709383).
LogModuleManager: Display: Found up-to-date module file ../../../Engine/Plugins/Media/ImgMedia/Binaries/Win64/UE4Editor-ImgMediaFactory.dll (API version 3709383).
LogModuleManager: Display: Found up-to-date module file ../../../Engine/Plugins/Media/ImgMedia/Binaries/Win64/UE4Editor-OpenExrWrapper.dll (API version 3709383).
LogModuleManager: Display: Found up-to-date module file ../../../Engine/Plugins/Media/MediaCompositing/Binaries/Win64/UE4Editor-MediaCompositing.dll (API version 3709383).
LogModuleManager: Display: Found up-to-date module file ../../../Engine/Plugins/Media/MediaCompositing/Binaries/Win64/UE4Editor-MediaCompositingEditor.dll (API version 3709383).
LogModuleManager: Display: Found up-to-date module file ../../../Engine/Plugins/Media/MediaPlayerEditor/Binaries/Win64/UE4Editor-MediaPlayerEditor.dll (API version 3709383).
LogModuleManager: Display: Found up-to-date module file ../../../Engine/Plugins/Media/WmfMedia/Binaries/Win64/UE4Editor-WmfMedia.dll (API version 3709383).
LogModuleManager: Display: Found up-to-date module file ../../../Engine/Plugins/Media/WmfMedia/Binaries/Win64/UE4Editor-WmfMediaEditor.dll (API version 3709383).
LogModuleManager: Display: Found up-to-date module file ../../../Engine/Plugins/Media/WmfMedia/Binaries/Win64/UE4Editor-WmfMediaFactory.dll (API version 3709383).
LogModuleManager: Display: Found up-to-date module file ../../../Engine/Plugins/Media/WmfMedia/Binaries/Win64/UE4Editor-WmfMediaFactory.dll (API version 3709383).
LogModuleManager: Display: Found up-to-date module file ../../../Engine/Plugins/Messaging/TcpMessaging/Binaries/Win64/UE4Editor-TcpMessaging.dll (API version 3709383).
LogModuleManager: Display: Found up-to-date module file ../../../Engine/Plugins/Messaging/UdpMessaging/Binaries/Win64/UE4Editor-UdpMessaging.dll (API version 3709383).
LogModuleManager: Display: Found up-to-date module file ../../../Engine/Plugins/MovieScene/ActorSequence/Binaries/Win64/UE4Editor-ActorSequence.dll (API version 3709383).
LogModuleManager: Display: Found up-to-date module file ../../../Engine/Plugins/MovieScene/LevelSequenceEditor/Binaries/Win64/UE4Editor-LevelSequenceEditor.dll (API version 3709383).
LogModuleManager: Display: Found up-to-date module file ../../../Engine/Plugins/MovieScene/MatineeToLevelSequence/Binaries/Win64/UE4Editor-MatineeToLevelSequence.dll (API version 3709383).
LogModuleManager: Display: Found up-to-date module file ../../../Engine/Plugins/Online/OnlineSubsystem/Binaries/Win64/UE4Editor-OnlineSubsystem.dll (API version 3709383).
LogModuleManager: Display: Found up-to-date module file ../../../Engine/Plugins/Runtime/AndroidPermission/Binaries/Win64/UE4Editor-AndroidPermission.dll (API version 3709383).
LogModuleManager: Display: Found up-to-date module file ../../../Engine/Plugins/Online/OnlineSubsystemNull/Binaries/Win64/UE4Editor-OnlineSubsystemNull.dll (API version 3709383).
LogModuleManager: Display: Found up-to-date module file ../../../Engine/Plugins/Online/OnlineSubsystemUtils/Binaries/Win64/UE4Editor-OnlineSubsystemUtils.dll (API version 3709383).
LogModuleManager: Display: Found up-to-date module file ../../../Engine/Plugins/Online/OnlineSubsystemUtils/Binaries/Win64/UE4Editor-OnlineBlueprintSupport.dll (API version 3709383).
LogModuleManager: Display: Found up-to-date module file ../../../Engine/Plugins/Runtime/AndroidDeviceProfileSelector/Binaries/Win64/UE4Editor-AndroidDeviceProfileSelector.dll (API version 3709383).
LogModuleManager: Display: Found up-to-date module file ../../../Engine/Plugins/Runtime/AppleARKit/Binaries/Win64/UE4Editor-AppleARKit.dll (API version 3709383).
LogModuleManager: Display: Found up-to-date module file ../../../Engine/Plugins/Runtime/ArchVisCharacter/Binaries/Win64/UE4Editor-ArchVisCharacter.dll (API version 3709383).
LogModuleManager: Display: Found up-to-date module file ../../../Engine/Plugins/Runtime/CableComponent/Binaries/Win64/UE4Editor-CableComponent.dll (API version 3709383).
LogModuleManager: Display: Found up-to-date module file ../../../Engine/Plugins/Runtime/CustomMeshComponent/Binaries/Win64/UE4Editor-CustomMeshComponent.dll (API version 3709383).
LogModuleManager: Display: Found up-to-date module file ../../../Engine/Plugins/Runtime/ExampleDeviceProfileSelector/Binaries/Win64/UE4Editor-ExampleDeviceProfileSelector.dll (API version 3709383).
LogModuleManager: Display: Found up-to-date module file ../../../Engine/Plugins/Runtime/ImmediatePhysics/Binaries/Win64/UE4Editor-ImmediatePhysics.dll (API version 3709383).
LogModuleManager: Display: Found up-to-date module file ../../../Engine/Plugins/Runtime/ImmediatePhysics/Binaries/Win64/UE4Editor-ImmediatePhysicsEditor.dll (API version 3709383).
LogModuleManager: Display: Found up-to-date module file ../../../Engine/Plugins/Runtime/LocationServicesBPLibrary/Binaries/Win64/UE4Editor-LocationServicesBPLibrary.dll (API version 3709383).
LogModuleManager: Display: Found up-to-date module file ../../../Engine/Plugins/Runtime/MobilePatchingUtils/Binaries/Win64/UE4Editor-MobilePatchingUtils.dll (API version 3709383).
LogModuleManager: Display: Found up-to-date module file ../../../Engine/Plugins/Runtime/Oculus/OculusVR/Binaries/Win64/UE4Editor-OculusHMD.dll (API version 3709383).
LogModuleManager: Display: Found up-to-date module file ../../../Engine/Plugins/Runtime/Oculus/OculusVR/Binaries/Win64/UE4Editor-OculusInput.dll (API version 3709383).
LogModuleManager: Display: Found up-to-date module file ../../../Engine/Plugins/Runtime/Oculus/OculusVR/Binaries/Win64/UE4Editor-OculusEditor.dll (API version 3709383).
LogModuleManager: Display: Found up-to-date module file ../../../Engine/Plugins/Runtime/PhysXVehicles/Binaries/Win64/UE4Editor-PhysXVehicles.dll (API version 3709383).
LogModuleManager: Display: Found up-to-date module file ../../../Engine/Plugins/Runtime/PhysXVehicles/Binaries/Win64/UE4Editor-PhysXVehiclesEditor.dll (API version 3709383).
LogModuleManager: Display: Found up-to-date module file ../../../Engine/Plugins/Runtime/ProceduralMeshComponent/Binaries/Win64/UE4Editor-ProceduralMeshComponent.dll (API version 3709383).
LogModuleManager: Display: Found up-to-date module file ../../../Engine/Plugins/Runtime/ProceduralMeshComponent/Binaries/Win64/UE4Editor-ProceduralMeshComponentEditor.dll (API version 3709383).
LogModuleManager: Display: Found up-to-date module file ../../../Engine/Plugins/Runtime/RuntimePhysXCooking/Binaries/Win64/UE4Editor-RuntimePhysXCooking.dll (API version 3709383).
LogModuleManager: Display: Found up-to-date module file ../../../Engine/Plugins/Runtime/Steam/SteamVR/Binaries/Win64/UE4Editor-SteamVR.dll (API version 3709383).
LogModuleManager: Display: Found up-to-date module file ../../../Engine/Plugins/Runtime/Steam/SteamVR/Binaries/Win64/UE4Editor-SteamVRController.dll (API version 3709383).
LogModuleManager: Display: Found up-to-date module file ../../../Engine/Plugins/Runtime/WindowsMoviePlayer/Binaries/Win64/UE4Editor-WindowsMoviePlayer.dll (API version 3709383).
LogPluginManager: Mounting plugin Paper2D
LogPluginManager: Mounting plugin LightPropagationVolume
LogPluginManager: Mounting plugin CodeLiteSourceCodeAccess
LogPluginManager: Mounting plugin GitSourceControl
LogPluginManager: Mounting plugin KDevelopSourceCodeAccess
LogPluginManager: Mounting plugin NullSourceCodeAccess
LogPluginManager: Mounting plugin PerforceSourceControl
LogPluginManager: Mounting plugin SubversionSourceControl
LogPluginManager: Mounting plugin UObjectPlugin
LogPluginManager: Mounting plugin VisualStudioCodeSourceCodeAccess
LogPluginManager: Mounting plugin VisualStudioSourceCodeAccess
LogPluginManager: Mounting plugin XCodeSourceCodeAccess
LogPluginManager: Mounting plugin AssetManagerEditor
LogPluginManager: Mounting plugin AudioCapture
LogPluginManager: Mounting plugin FacialAnimation
LogPluginManager: Mounting plugin GameplayTagsEditor
LogPluginManager: Mounting plugin MobileLauncherProfileWizard
LogPluginManager: Mounting plugin PluginBrowser
LogPluginManager: Mounting plugin SpeedTreeImporter
LogPluginManager: Mounting plugin AlembicImporter
LogPluginManager: Mounting plugin CharacterAI
LogPluginManager: Mounting plugin HTML5Networking
LogPluginManager: Mounting plugin AndroidMedia
LogPluginManager: Mounting plugin AvfMedia
LogPluginManager: Mounting plugin ImgMedia
LogPluginManager: Mounting plugin MediaCompositing
LogPluginManager: Mounting plugin MediaPlayerEditor
LogPluginManager: Mounting plugin WmfMedia
LogPluginManager: Mounting plugin TcpMessaging
LogPluginManager: Mounting plugin UdpMessaging
LogPluginManager: Mounting plugin ActorSequence
LogPluginManager: Mounting plugin LevelSequenceEditor
LogPluginManager: Mounting plugin MatineeToLevelSequence
LogPluginManager: Mounting plugin OnlineSubsystemGooglePlay
LogPluginManager: Mounting plugin OnlineSubsystemIOS
LogPluginManager: Mounting plugin OnlineSubsystem
LogPluginManager: Mounting plugin OnlineSubsystemNull
LogPluginManager: Mounting plugin OnlineSubsystemUtils
LogPluginManager: Mounting plugin AndroidDeviceProfileSelector
LogPluginManager: Mounting plugin AndroidMoviePlayer
LogPluginManager: Mounting plugin AndroidPermission
LogPluginManager: Mounting plugin AppleARKit
LogPluginManager: Mounting plugin AppleMoviePlayer
LogPluginManager: Mounting plugin ArchVisCharacter
LogPluginManager: Mounting plugin CableComponent
LogPluginManager: Mounting plugin CustomMeshComponent
LogPluginManager: Mounting plugin ExampleDeviceProfileSelector
LogPluginManager: Mounting plugin GoogleCloudMessaging
LogPluginManager: Mounting plugin ImmediatePhysics
LogPluginManager: Mounting plugin IOSDeviceProfileSelector
LogPluginManager: Mounting plugin LinuxDeviceProfileSelector
LogPluginManager: Mounting plugin LocationServicesBPLibrary
LogPluginManager: Mounting plugin MobilePatchingUtils
LogPluginManager: Mounting plugin OculusVR
LogPluginManager: Plugin shader directory ../../../Engine/Plugins/Runtime/Oculus/OculusVR/Shaders found
LogPluginManager: Mapping shader source directory ../../../Engine/Plugins/Runtime/Oculus/OculusVR/Shaders to virtual directory /Plugin/OculusVR
LogPluginManager: Mounting plugin PhysXVehicles
LogPluginManager: Mounting plugin ProceduralMeshComponent
LogPluginManager: Mounting plugin RuntimePhysXCooking
LogPluginManager: Mounting plugin SteamVR
LogPluginManager: Mounting plugin WindowsMoviePlayer
LogInit: Using libcurl 7.47.1
LogInit:  - built for x86_64-pc-win32
LogInit:  - supports SSL with OpenSSL/1.0.2g
LogInit:  - supports HTTP deflate (compression) using libz 1.2.8
LogInit:  - other features:
LogInit:      CURL_VERSION_SSL
LogInit:      CURL_VERSION_LIBZ
LogInit:      CURL_VERSION_IPV6
LogInit:      CURL_VERSION_ASYNCHDNS
LogInit:      CURL_VERSION_LARGEFILE
LogInit:      CURL_VERSION_IDN
LogInit:  CurlRequestOptions (configurable via config and command line):
LogInit:  - bVerifyPeer = false  - Libcurl will NOT verify peer certificate
LogInit:  - bUseHttpProxy = false  - Libcurl will NOT use HTTP proxy
LogInit:  - bDontReuseConnections = false  - Libcurl will reuse connections
LogInit:  - CertBundlePath = nullptr  - Libcurl will use whatever was configured at build time.
LogInit: Build: ++UE4+Release-4.18-CL-3754814
LogInit: Engine Version: 4.18.1-3754814+++UE4+Release-4.18
LogInit: Compatible Engine Version: 4.18.0-3709383+++UE4+Release-4.18
LogInit: Net CL: 3709383
LogDevObjectVersion: Number of dev versions registered: 16
LogDevObjectVersion:   Dev-Blueprints (B0D832E4-1F89-4F0D-ACCF-7EB736FD4AA2): 10
LogDevObjectVersion:   Dev-Build (E1C64328-A22C-4D53-A36C-8E866417BD8C): 0
LogDevObjectVersion:   Dev-Core (375EC13C-06E4-48FB-B500-84F0262A717E): 2
LogDevObjectVersion:   Dev-Editor (E4B068ED-F494-42E9-A231-DA0B2E46BB41): 20
LogDevObjectVersion:   Dev-Framework (CFFC743F-43B0-4480-9391-14DF171D2073): 30
LogDevObjectVersion:   Dev-Mobile (B02B49B5-BB20-44E9-A304-32B752E40360): 0
LogDevObjectVersion:   Dev-Networking (A4E4105C-59A1-49B5-A7C5-40C4547EDFEE): 0
LogDevObjectVersion:   Dev-Online (39C831C9-5AE6-47DC-9A44-9C173E1C8E7C): 0
LogDevObjectVersion:   Dev-Physics (78F01B33-EBEA-4F98-B9B4-84EACCB95AA2): 0
LogDevObjectVersion:   Dev-Platform (6631380F-2D4D-43E0-8009-CF276956A95A): 0
LogDevObjectVersion:   Dev-Rendering (12F88B9F-8875-4AFC-A67C-D90C383ABD29): 20
LogDevObjectVersion:   Dev-Sequencer (7B5AE74C-D270-4C10-A958-57980B212A5A): 4
LogDevObjectVersion:   Dev-VR (D7296918-1DD6-4BDD-9DE2-64A83CC13884): 0
LogDevObjectVersion:   Dev-LoadTimes (C2A15278-BFE7-4AFE-6C17-90FF531DF755): 1
LogDevObjectVersion:   Private-Geometry (6EACA3D4-40EC-4CC1-B786-8BED09428FC5): 1
LogDevObjectVersion:   Dev-AnimPhys (29E575DD-E0A3-4627-9D10-D276232CDCEA): 12
LogInit: Compiled (64-bit): Nov 14 2017 02:05:55
LogInit: Compiled with Visual C++: 19.00.24215.01
LogInit: Build Configuration: Development
LogInit: Branch Name: ++UE4+Release-4.18
LogInit: Command line: 
LogInit: Base directory: D:/Program Files (x86)/Epic Games/UE_4.18/Engine/Binaries/Win64/
LogInit: Installed Engine Build: 1
LogInit: Presizing for max 8388607 objects, including 0 objects not considered by GC, pre-allocating 0 bytes for permanent pool.
LogInit: Object subsystem initialized
[2017.12.01-03.50.06:699][  0]LogInit: Selected Device Profile: [Windows]
[2017.12.01-03.50.06:699][  0]LogInit: Applying CVar settings loaded from the selected device profile: [Windows]
[2017.12.01-03.50.06:706][  0]LogInit: Computer: DESKTOP-GGU25J6
[2017.12.01-03.50.06:706][  0]LogInit: User: Quintero
[2017.12.01-03.50.06:706][  0]LogInit: CPU Page size=4096, Cores=4
[2017.12.01-03.50.06:706][  0]LogInit: High frequency timer resolution =3.914064 MHz
[2017.12.01-03.50.06:707][  0]LogMemory: Memory total: Physical=15.9GB (16GB approx)
[2017.12.01-03.50.06:707][  0]LogMemory: Platform Memory Stats for Windows
[2017.12.01-03.50.06:707][  0]LogMemory: Process Physical Memory: 273.50 MB used, 273.50 MB peak
[2017.12.01-03.50.06:707][  0]LogMemory: Process Virtual Memory: 271.94 MB used, 271.94 MB peak
[2017.12.01-03.50.06:707][  0]LogMemory: Physical Memory: 3698.40 MB used,  12620.25 MB free, 16318.64 MB total
[2017.12.01-03.50.06:707][  0]LogMemory: Virtual Memory: 665.23 MB used,  12620.25 MB free, 134217728.00 MB total
[2017.12.01-03.50.06:799][  0]LogInit: Using OS detected language (en-US).
[2017.12.01-03.50.06:799][  0]LogInit: Using OS detected locale (en-AU).
[2017.12.01-03.50.06:803][  0]LogTextLocalizationManager: No specific localization for 'en-US' exists, so the 'en' localization will be used.
[2017.12.01-03.50.07:111][  0]LogInit: Setting process to per monitor DPI aware
[2017.12.01-03.50.07:451][  0]LogD3D11RHI: D3D11 adapters:
[2017.12.01-03.50.07:483][  0]LogD3D11RHI:    0. 'NVIDIA GeForce GTX 980 Ti' (Feature Level 11_0)
[2017.12.01-03.50.07:483][  0]LogD3D11RHI:       6103/0/8159 MB DedicatedVideo/DedicatedSystem/SharedSystem, Outputs:2, VendorId:0x10de
[2017.12.01-03.50.07:484][  0]LogD3D11RHI:    1. 'Microsoft Basic Render Driver' (Feature Level 11_0)
[2017.12.01-03.50.07:484][  0]LogD3D11RHI:       0/0/8159 MB DedicatedVideo/DedicatedSystem/SharedSystem, Outputs:0, VendorId:0x1414
[2017.12.01-03.50.07:484][  0]LogD3D11RHI: Chosen D3D11 Adapter: 0
[2017.12.01-03.50.07:488][  0]LogD3D11RHI: Creating new Direct3DDevice
[2017.12.01-03.50.07:488][  0]LogD3D11RHI:     GPU DeviceId: 0x17c8 (for the marketing name, search the web for "GPU Device Id")
[2017.12.01-03.50.07:488][  0]LogWindows: EnumDisplayDevices:
[2017.12.01-03.50.07:488][  0]LogWindows:    0. 'NVIDIA GeForce GTX 980 Ti' (P:1 D:1)
[2017.12.01-03.50.07:488][  0]LogWindows:    1. 'NVIDIA GeForce GTX 980 Ti' (P:0 D:1)
[2017.12.01-03.50.07:488][  0]LogWindows:    2. 'NVIDIA GeForce GTX 980 Ti' (P:0 D:0)
[2017.12.01-03.50.07:489][  0]LogWindows:    3. 'NVIDIA GeForce GTX 980 Ti' (P:0 D:0)
[2017.12.01-03.50.07:489][  0]LogWindows: DebugString: GetVideoDriverDetailsInvalid PrimaryIsNotTheChoosenAdapter GetVideoDriverDetailsInvalid PrimaryIsNotTheChoosenAdapter GetVideoDriverDetailsInvalid PrimaryIsNotTheChoosenAdapter GetVideoDriverDetailsInvalid PrimaryIsNotTheChoosenAdapter FoundDriverCount:0 
[2017.12.01-03.50.07:489][  0]LogD3D11RHI:     Adapter Name: NVIDIA GeForce GTX 980 Ti
[2017.12.01-03.50.07:489][  0]LogD3D11RHI:   Driver Version: Unknown (internal:Unknown, unified:Unknown)
[2017.12.01-03.50.07:489][  0]LogD3D11RHI:      Driver Date: Unknown
[2017.12.01-03.50.07:489][  0]LogRHI: Texture pool is 4272 MB (70% of 6103 MB)
[2017.12.01-03.50.07:504][  0]LogD3D11RHI: Async texture creation enabled
[2017.12.01-03.50.07:518][  0]LogD3D11RHI: GPU Timing Frequency: 1000.000000 (Debug: 2 1)
[2017.12.01-03.50.07:561][  0]LogShaderCompilers: Guid format shader working directory is -16 characters bigger than the processId version (C:/Users/Quintero/Desktop/Arico Archery/AricoArchery/AricoArchery/Intermediate/Shaders/WorkingDirectory/5304/).
[2017.12.01-03.50.07:561][  0]LogShaderCompilers: Cleaned the shader compiler working directory 'C:/Users/Quintero/AppData/Local/Temp/UnrealShaderWorkingDir/4241B54847468512163087B633DC3586/'.
[2017.12.01-03.50.07:561][  0]LogShaderCompilers: Display: Using Local Shader Compiler.
[2017.12.01-03.50.08:265][  0]LogTemp: Display: Loaded TP AllDesktopTargetPlatform
[2017.12.01-03.50.08:304][  0]LogTemp: Display: Loaded TP MacClientTargetPlatform
[2017.12.01-03.50.08:343][  0]LogTemp: Display: Loaded TP MacNoEditorTargetPlatform
[2017.12.01-03.50.08:382][  0]LogTemp: Display: Loaded TP MacServerTargetPlatform
[2017.12.01-03.50.08:422][  0]LogTemp: Display: Loaded TP MacTargetPlatform
[2017.12.01-03.50.08:461][  0]LogTemp: Display: Loaded TP WindowsClientTargetPlatform
[2017.12.01-03.50.08:500][  0]LogTemp: Display: Loaded TP WindowsNoEditorTargetPlatform
[2017.12.01-03.50.08:540][  0]LogTemp: Display: Loaded TP WindowsServerTargetPlatform
[2017.12.01-03.50.08:574][  0]LogTemp: Display: Loaded TP WindowsTargetPlatform
[2017.12.01-03.50.08:611][  0]LogTemp: Display: Loaded TP Android_ASTCTargetPlatform
[2017.12.01-03.50.08:649][  0]LogTemp: Display: Loaded TP Android_ATCTargetPlatform
[2017.12.01-03.50.08:687][  0]LogTemp: Display: Loaded TP Android_DXTTargetPlatform
[2017.12.01-03.50.08:725][  0]LogTemp: Display: Loaded TP Android_ETC1TargetPlatform
[2017.12.01-03.50.08:763][  0]LogTemp: Display: Loaded TP Android_ETC2TargetPlatform
[2017.12.01-03.50.08:838][  0]LogTemp: Display: Loaded TP Android_MultiTargetPlatform
[2017.12.01-03.50.08:838][  0]LogTemp: Display: Loaded TP Android_PVRTCTargetPlatform
[2017.12.01-03.50.08:876][  0]LogTemp: Display: Loaded TP AndroidTargetPlatform
[2017.12.01-03.50.08:905][  0]LogTemp: Display: Loaded TP HTML5TargetPlatform
[2017.12.01-03.50.08:978][  0]LogTemp: Display: Loaded TP IOSTargetPlatform
[2017.12.01-03.50.08:996][  0]LogTemp: Display: Loaded TP TVOSTargetPlatform
[2017.12.01-03.50.09:033][  0]LogTemp: Display: Loaded TP LinuxClientTargetPlatform
[2017.12.01-03.50.09:071][  0]LogTemp: Display: Loaded TP LinuxNoEditorTargetPlatform
[2017.12.01-03.50.09:109][  0]LogTemp: Display: Loaded TP LinuxServerTargetPlatform
[2017.12.01-03.50.09:147][  0]LogTemp: Display: Loaded TP LinuxTargetPlatform
[2017.12.01-03.50.09:147][  0]LogTargetPlatformManager: Display: Building Assets For Windows
[2017.12.01-03.50.09:493][  0]LogDerivedDataCache: Display: Max Cache Size: 512 MB
[2017.12.01-03.50.09:542][  0]LogDerivedDataCache: Loaded boot cache 0.05s 79MB C:/Users/Quintero/AppData/Local/UnrealEngine/4.18/DerivedDataCache/Boot.ddc.
[2017.12.01-03.50.09:542][  0]LogDerivedDataCache: Display: Loaded Boot cache: C:/Users/Quintero/AppData/Local/UnrealEngine/4.18/DerivedDataCache/Boot.ddc
[2017.12.01-03.50.09:542][  0]LogDerivedDataCache: FDerivedDataBackendGraph:  Pak pak cache file C:/Users/Quintero/Desktop/Arico Archery/AricoArchery/AricoArchery/DerivedDataCache/DDC.ddp not found, will not use a pak cache.
[2017.12.01-03.50.09:542][  0]LogDerivedDataCache: Unable to find inner node Pak for hierarchical cache Hierarchy.
[2017.12.01-03.50.09:542][  0]LogDerivedDataCache: FDerivedDataBackendGraph:  CompressedPak pak cache file C:/Users/Quintero/Desktop/Arico Archery/AricoArchery/AricoArchery/DerivedDataCache/Compressed.ddp not found, will not use a pak cache.
[2017.12.01-03.50.09:542][  0]LogDerivedDataCache: Unable to find inner node CompressedPak for hierarchical cache Hierarchy.
[2017.12.01-03.50.09:554][  0]LogDerivedDataCache: Display: Pak cache opened for reading ../../../Engine/DerivedDataCache/Compressed.ddp.
[2017.12.01-03.50.09:567][  0]LogDerivedDataCache: Using Local data cache path C:/Users/Quintero/AppData/Local/UnrealEngine/Common/DerivedDataCache: Writable
[2017.12.01-03.50.09:574][  0]LogMaterial: Verifying Global Shaders for PCD3D_SM5
[2017.12.01-03.50.09:575][  0]LogSlate: Using Freetype 2.6.0
[2017.12.01-03.50.09:576][  0]LogSlate: SlateFontCache - WITH_FREETYPE: 1, WITH_HARFBUZZ: 1
[2017.12.01-03.50.09:576][  0]LogSlate: SlateFontCache - WITH_FREETYPE: 1, WITH_HARFBUZZ: 1
[2017.12.01-03.50.09:886][  0]LogInit: Selected Device Profile: [Windows]
[2017.12.01-03.50.10:154][  0]LogSimplygon: Simplygon DLL not present - disabling.
[2017.12.01-03.50.10:184][  0]LogMeshReduction: Using SimplygonSwarm for distributed automatic mesh merging
[2017.12.01-03.50.10:184][  0]LogMeshReduction: Using QuadricMeshReduction for automatic static mesh reduction
[2017.12.01-03.50.10:184][  0]LogMeshReduction: No automatic skeletal mesh reduction module available
[2017.12.01-03.50.10:184][  0]LogMeshReduction: No automatic mesh merging module available
[2017.12.01-03.50.10:184][  0]LogMeshMerging: No automatic mesh merging module available
[2017.12.01-03.50.10:224][  0]LogNetVersion: AricoArchery , NetCL: 3709383, EngineNetVer: 2, GameNetVer: 0 (Checksum: 1985820187)
[2017.12.01-03.50.10:370][  0]LogAssetRegistry: FAssetRegistry took 0.0245 seconds to start up
[2017.12.01-03.50.10:800][  0]LogPackageLocalizationCache: Processed 7 localized package path(s) for 2 prioritized culture(s) in 0.061530 seconds
[2017.12.01-03.50.10:804][  0]LogUObjectArray: 35900 objects as part of root set at end of initial load.
[2017.12.01-03.50.10:804][  0]LogUObjectAllocator: 7372024 out of 0 bytes used by permanent object pool.
[2017.12.01-03.50.10:804][  0]LogUObjectArray: CloseDisregardForGC: 0/0 objects in disregard for GC pool
[2017.12.01-03.50.10:837][  0]LogInit: WinSock: version 1.1 (2.2), MaxSocks=32767, MaxUdp=65467
[2017.12.01-03.50.13:207][  0]LogTcpMessaging: Initializing TcpMessaging bridge
[2017.12.01-03.50.13:249][  0]LogUdpMessaging: Initializing bridge on interface 0.0.0.0:0 to multicast group 230.0.0.1:6666.
[2017.12.01-03.50.13:871][  0]LogMaterial: Uniform references updated for custom material expression Custom.
[2017.12.01-03.50.14:246][  0]SourceControl: Source control is disabled
[2017.12.01-03.50.14:246][  0]SourceControl: Source control is disabled
[2017.12.01-03.50.14:297][  0]SourceControl: Source control is disabled
[2017.12.01-03.50.14:347][  0]SourceControl: Source control is disabled
[2017.12.01-03.50.15:116][  0]LogAndroidPermission: UAndroidPermissionCallbackProxy::GetInstance
[2017.12.01-03.50.15:381][  0]LogOcInput: OculusInput pre-init called
[2017.12.01-03.50.15:632][  0]LogEngine: Initializing Engine...
[2017.12.01-03.50.15:634][  0]LogHMD: Failed to initialize OpenVR with code 110
[2017.12.01-03.50.15:799][  0]LogStats: UGameplayTagsManager::ConstructGameplayTagTree: Construct from data asset -  0.000 s
[2017.12.01-03.50.15:799][  0]LogStats: UGameplayTagsManager::ConstructGameplayTagTree: GameplayTagTreeChangedEvent.Broadcast -  0.000 s
[2017.12.01-03.50.15:894][  0]LogAIModule: Creating AISystem for world Untitled
[2017.12.01-03.50.15:907][  0]LogInit: XAudio2 using 'Headphones (High Definition Audio Device)' : 2 channels at 44.1 kHz using 16 bits per sample (channel mask 0x3)
[2017.12.01-03.50.15:918][  0]LogInit: FAudioDevice initialized.
[2017.12.01-03.50.15:991][  0]LogDerivedDataCache: Saved boot cache 0.07s 79MB C:/Users/Quintero/AppData/Local/UnrealEngine/4.18/DerivedDataCache/Boot.ddc.
[2017.12.01-03.50.15:998][  0]LogInit: Texture streaming: Enabled
[2017.12.01-03.50.16:064][  0]LogEngineSessionManager: EngineSessionManager initialized
[2017.12.01-03.50.16:064][  0]LogEngineSessionManager: EngineSessionManager sent abnormal shutdown report. Type=Crashed, SessionId={DAB72A52-4C5A-414F-C978-DF8CCCB7D8AF}
[2017.12.01-03.50.16:161][  0]LogInit: Transaction tracking system initialized
[2017.12.01-03.50.16:404][  0]BlueprintLog: New page: Editor Load
[2017.12.01-03.50.17:056][  0]LocalizationService: Localization service is disabled
[2017.12.01-03.50.17:660][  0]LogConsoleResponse: Display: 
[2017.12.01-03.50.17:825][  0]LogCook: Display: Max memory allowance for cook 16384mb min free memory 0mb
[2017.12.01-03.50.17:825][  0]LogCook: Display: Mobile HDR setting 1
[2017.12.01-03.50.17:825][  0]LogGameplayTags: Display: UGameplayTagsManager::DoneAddingNativeTags. DelegateIsBound: 0
[2017.12.01-03.50.18:203][  0]LogFileCache: Scanning file cache for directory 'C:/Users/Quintero/Desktop/Arico Archery/AricoArchery/AricoArchery/Content/' took 0.01s
[2017.12.01-03.50.18:955][  0]SourceControl: Source control is disabled
[2017.12.01-03.50.19:039][  0]LogWindowsTextInputMethodSystem: Display: IME system now deactivated.
[2017.12.01-03.50.19:065][  0]LogSlate: Took 0.000320 seconds to synchronously load lazily loaded font '../../../Engine/Content/Slate/Fonts/Roboto-Regular.ttf' (155K)
[2017.12.01-03.50.37:672][  0]LogWindowsTextInputMethodSystem: Display: IME system now deactivated.
[2017.12.01-03.50.37:673][  0]LogWindowsTextInputMethodSystem: Display: IME system now deactivated.
[2017.12.01-03.50.40:396][  0]LogWindowsTextInputMethodSystem: Display: IME system now deactivated.
[2017.12.01-03.50.40:398][  0]LogWindowsTextInputMethodSystem: Display: IME system now deactivated.
[2017.12.01-03.50.40:406][  0]Cmd: MAP LOAD FILE="C:/Users/Quintero/Desktop/Arico Archery/AricoArchery/AricoArchery/Content/VirtualRealityBP/Maps/StartupMap.umap" TEMPLATE=0 SHOWPROGRESS=1 FEATURELEVEL=3
[2017.12.01-03.50.40:406][  0]LogEditorServer: Warning: Can't find file 'C:/Users/Quintero/Desktop/Arico Archery/AricoArchery/AricoArchery/Content/VirtualRealityBP/Maps/StartupMap.umap'
[2017.12.01-03.50.40:406][  0]Cmd: MAP CHECKDEP NOCLEARLOG
[2017.12.01-03.50.40:464][  0]MapCheck: Map check complete: 0 Error(s), 0 Warning(s), took 58.195ms to complete.
[2017.12.01-03.50.40:464][  0]LogFileHelpers: Loading map 'StartupMap' took 0.059
[2017.12.01-03.50.40:545][  0]LogStats: Warning: MetaData mismatch. Did you assign a stat to two groups? New //STATGROUP_Threads//SplashScreenThread///Thread_513c_0///####STATCAT_Advanced#### old //STATGROUP_Threads//SplashScreenThread///Thread_52e0_0///####STATCAT_Advanced####
[2017.12.01-03.50.40:545][  0]LogCollectionManager: Loaded 0 collections in 0.001552 seconds
[2017.12.01-03.50.40:620][  0]LogFileCache: Scanning file cache for directory 'C:/Users/Quintero/Desktop/Arico Archery/AricoArchery/AricoArchery/Saved/Collections/' took 0.01s
[2017.12.01-03.50.40:620][  0]LogFileCache: Scanning file cache for directory 'C:/Users/Quintero/Desktop/Arico Archery/AricoArchery/AricoArchery/Content/Developers/Quintero/Collections/' took 0.01s
[2017.12.01-03.50.40:620][  0]LogFileCache: Scanning file cache for directory 'C:/Users/Quintero/Desktop/Arico Archery/AricoArchery/AricoArchery/Content/Collections/' took 0.01s
[2017.12.01-03.50.40:620][  0]LogCollectionManager: Rebuilt the GUID cache for 0 collections in 0.000000 seconds
[2017.12.01-03.50.40:626][  0]LogContentBrowser: Native class hierarchy populated in 0.0062 seconds. Added 2363 classes and 519 folders.
[2017.12.01-03.50.40:670][  0]LogContentBrowser: Native class hierarchy updated for 'WidgetCarousel' in 0.0002 seconds. Added 0 classes and 0 folders.
[2017.12.01-03.50.40:728][  0]LogContentBrowser: Native class hierarchy updated for 'AddContentDialog' in 0.0002 seconds. Added 0 classes and 0 folders.
[2017.12.01-03.50.40:761][  0]LogContentBrowser: Native class hierarchy updated for 'SceneOutliner' in 0.0002 seconds. Added 1 classes and 2 folders.
[2017.12.01-03.50.40:803][  0]LogSlate: Took 0.000243 seconds to synchronously load lazily loaded font '../../../Engine/Content/Slate/Fonts/Roboto-Bold.ttf' (160K)
[2017.12.01-03.50.40:807][  0]LogSlate: Took 0.000235 seconds to synchronously load lazily loaded font '../../../Engine/Content/Editor/Slate/Fonts/FontAwesome.ttf' (139K)
[2017.12.01-03.50.40:895][  0]LogRenderer: Reallocating scene render targets to support 1224x672 Format 26 NumSamples 1 (Frame:1).
[2017.12.01-03.50.41:030][  0]LogContentBrowser: Native class hierarchy updated for 'HierarchicalLODOutliner' in 0.0002 seconds. Added 1 classes and 2 folders.
[2017.12.01-03.50.41:030][  0]LogLoad: (Engine Initialization) Total time: 37.06 seconds
[2017.12.01-03.50.41:030][  0]LogLoad: (Engine Initialization) Total Blueprint compile time: 0.00 seconds
[2017.12.01-03.50.41:030][  0]LogExternalProfiler: No external profilers were discovered.  External profiling features will not be available.
[2017.12.01-03.50.41:054][  0]LogAssetRegistry: Asset discovery search completed in 30.7051 seconds
[2017.12.01-03.50.41:055][  0]LogCollectionManager: Rebuilt the object cache for 0 collections in 0.000001 seconds (found 0 objects)
[2017.12.01-03.50.41:055][  0]LogCollectionManager: Fixed up redirectors for 0 collections in 0.000034 seconds (updated 0 objects)
[2017.12.01-03.50.41:061][  0]LogContentStreaming: Texture pool size now 1000 MB
[2017.12.01-03.50.41:206][  0]LogSlate: Took 0.000218 seconds to synchronously load lazily loaded font '../../../Engine/Content/Slate/Fonts/Roboto-Light.ttf' (159K)
[2017.12.01-03.50.44:186][357]LogSlate: Took 0.000218 seconds to synchronously load lazily loaded font '../../../Engine/Content/Slate/Fonts/Roboto-Light.ttf' (159K)
[2017.12.01-03.50.44:288][357]LogTexture: Display: Building textures: HQ_Lightmap0_2 (AutoDXT, 128X128)
[2017.12.01-03.50.44:288][357]LogTexture: Display: Building textures: SkyOcclusion0_2 (AutoDXT, 128X64)
[2017.12.01-03.50.44:288][357]LogTexture: Display: Building textures: LQ_Lightmap_0_2 (DXT1, 128X128)
[2017.12.01-03.50.44:288][357]LogTexture: Display: Building textures: SkyOcclusion0_1 (AutoDXT, 512X256)
[2017.12.01-03.50.44:288][357]LogTexture: Display: Building textures: HQ_Lightmap0_1 (AutoDXT, 512X512)
[2017.12.01-03.50.44:288][357]LogTexture: Display: Building textures: LQ_Lightmap_0_1 (DXT1, 512X512)
[2017.12.01-03.50.44:292][357]LogAIModule: Creating AISystem for world FiringRange
[2017.12.01-03.50.44:309][357]Cmd: MAP LOAD FILE="C:/Users/Quintero/Desktop/Arico Archery/AricoArchery/AricoArchery/Content/Maps/FiringRange.umap" TEMPLATE=0 SHOWPROGRESS=1 FEATURELEVEL=3
[2017.12.01-03.50.44:309][357]LightingResults: New page: Lighting Build
[2017.12.01-03.50.44:340][357]LogContentBrowser: Native class hierarchy updated for 'StatsViewer' in 0.0002 seconds. Added 5 classes and 0 folders.
[2017.12.01-03.50.44:341][357]LoadErrors: New page: Loading map: FiringRange.umap
[2017.12.01-03.50.44:341][357]MapCheck: New page: Map Check
[2017.12.01-03.50.44:341][357]LightingResults: New page: Lighting Build
[2017.12.01-03.50.44:388][357]LogEditorServer: Finished looking for orphan Actors (0.000 secs)
[2017.12.01-03.50.44:405][357]Cmd: MAP CHECKDEP NOCLEARLOG
[2017.12.01-03.50.44:460][357]MapCheck: Map check complete: 0 Error(s), 0 Warning(s), took 55.148ms to complete.
[2017.12.01-03.50.44:460][357]LogFileHelpers: Loading map 'FiringRange' took 0.152
[2017.12.01-03.51.16:601][200]Cmd: BRUSH ADD SELECTNEWBRUSH
[2017.12.01-03.52.19:269][525]Cmd: DUPLICATE
[2017.12.01-03.52.19:269][525]Cmd: ACTOR DUPLICATE
[2017.12.01-03.53.01:755][545]Cmd: DUPLICATE
[2017.12.01-03.53.01:755][545]Cmd: ACTOR DUPLICATE
[2017.12.01-03.53.29:976][807]Cmd: OBJ SAVEPACKAGE PACKAGE="/Game/Maps/FiringRange" FILE="C:/Users/Quintero/Desktop/Arico Archery/AricoArchery/AricoArchery/Content/Maps/FiringRange.umap" SILENT=true AUTOSAVING=false KEEPDIRTY=false
[2017.12.01-03.53.30:138][807]LogSavePackage: Save=147.53ms
[2017.12.01-03.53.30:138][807]LogSavePackage: Moving 'C:/Users/Quintero/Desktop/Arico Archery/AricoArchery/AricoArchery/Saved/FiringRangeCAABFA8B459B872C2151ADB2C051F60F.tmp' to 'C:/Users/Quintero/Desktop/Arico Archery/AricoArchery/AricoArchery/Content/Maps/FiringRange.umap'
[2017.12.01-03.53.30:142][807]LogSavePackage: Display: Finished SavePackage C:/Users/Quintero/Desktop/Arico Archery/AricoArchery/AricoArchery/Content/Maps/FiringRange.umap
[2017.12.01-03.53.30:170][807]Cmd: OBJ SAVEPACKAGE PACKAGE="/Game/Maps/FiringRange_BuiltData" FILE="C:/Users/Quintero/Desktop/Arico Archery/AricoArchery/AricoArchery/Content/Maps/FiringRange_BuiltData.uasset" SILENT=true
[2017.12.01-03.53.30:207][807]LogSavePackage: Save=31.09ms
[2017.12.01-03.53.30:207][807]LogSavePackage: Moving 'C:/Users/Quintero/Desktop/Arico Archery/AricoArchery/AricoArchery/Saved/FiringRange_BuiltDataA2B8C4F049653ED600528F8D8DA6AF0E.tmp' to 'C:/Users/Quintero/Desktop/Arico Archery/AricoArchery/AricoArchery/Content/Maps/FiringRange_BuiltData.uasset'
[2017.12.01-03.53.30:209][807]LogSavePackage: Display: Finished SavePackage C:/Users/Quintero/Desktop/Arico Archery/AricoArchery/AricoArchery/Content/Maps/FiringRange_BuiltData.uasset
[2017.12.01-03.53.32:228][ 26]MapCheck: New page: Map Check
[2017.12.01-03.53.32:242][ 26]Cmd: MAP REBUILD ALLVISIBLE
[2017.12.01-03.53.32:242][ 26]LogEditorServer: Rebuildmap Clear paths rebuilt
[2017.12.01-03.53.32:337][ 26]Cmd: MAP CHECK DONTDISPLAYDIALOG
[2017.12.01-03.53.32:338][ 26]MapCheck: New page: FiringRange - 2 Dec 2017 1:53:32 am
[2017.12.01-03.53.32:338][ 26]MapCheck: Error: WorldSettings Maps need lighting rebuilt 
[2017.12.01-03.53.32:396][ 26]MapCheck: Map check complete: 1 Error(s), 0 Warning(s), took 58.826ms to complete.
[2017.12.01-03.53.32:418][ 26]LogEditorBuildUtils: Build time 0:00
[2017.12.01-03.53.36:078][459]MapCheck: New page: Map Check
[2017.12.01-03.53.36:094][459]Cmd: MAP REBUILD ALLVISIBLE
[2017.12.01-03.53.36:094][459]LogEditorServer: Rebuildmap Clear paths rebuilt
[2017.12.01-03.53.36:200][459]LightingResults: New page: Lighting Build - 2 Dec 2017 1:53:36 am
[2017.12.01-03.53.36:226][459]LogSwarmInterface: [OpenConnection] Registering TCP channel ...
[2017.12.01-03.53.36:268][459]LogSwarmInterface: [OpenConnection] Connecting to agent ...
[2017.12.01-03.53.36:276][459]LogSwarmInterface: [TryOpenConnection] Testing the Agent
[2017.12.01-03.53.36:780][459]LogSwarmInterface: [TryOpenConnection] Opening Connection to Agent
[2017.12.01-03.53.36:780][459]LogSwarmInterface: [TryOpenConnection] Local Process ID is 5304
[2017.12.01-03.53.38:904][459]LightingResults: Warning: No importance volume found and the scene is so large that the automatically synthesized volume will not yield good results.  Please add a tightly bounding lightmass importance volume to optimize your scene's quality and lighting build times.
[2017.12.01-03.53.38:904][459]LogStaticLightingSystem: Running Lightmass w/ ImmediateImport mode ENABLED
[2017.12.01-03.53.38:904][459]LogStaticLightingSystem: Running Lightmass w/ ImmediateProcess mode ENABLED
[2017.12.01-03.53.38:904][459]LogStaticLightingSystem: Running Lightmass w/ Sorting mode ENABLED
[2017.12.01-03.53.38:904][459]LogStaticLightingSystem: Running Lightmass w/ Mapping paddings ENABLED
[2017.12.01-03.53.38:904][459]LogStaticLightingSystem: Running Lightmass w/ Mapping debug paddings DISABLED
[2017.12.01-03.53.39:045][459]LogEditorBuildUtils: Build time 0:02
[2017.12.01-03.53.40:825][603]Job is a success!
[2017.12.01-03.53.40:927][604]LogVolumetricLightmapImport: Imported Volumetric Lightmap in 0.060s
[2017.12.01-03.53.40:927][604]LogVolumetricLightmapImport:      Indirection Texture 32x32x32 = 0.1Mb
[2017.12.01-03.53.40:927][604]LogVolumetricLightmapImport:      BrickData 505x5x5 = 0.4Mb
[2017.12.01-03.53.40:927][604]LogVolumetricLightmapImport:      Bricks at Level
[2017.12.01-03.53.40:927][604]LogVolumetricLightmapImport:          0: 7.9% covering 100.0% of volume
[2017.12.01-03.53.40:927][604]LogVolumetricLightmapImport:          1: 52.5% covering 10.4% of volume
[2017.12.01-03.53.40:927][604]LogVolumetricLightmapImport:          2: 39.6% covering 0.1% of volume
[2017.12.01-03.53.41:149][604]LogTexture: Display: Building textures: SkyOcclusion1_1 (AutoDXT, 1024X512)
[2017.12.01-03.53.41:149][604]LogTexture: Display: Building textures: HQ_Lightmap1_1 (AutoDXT, 1024X1024)
[2017.12.01-03.53.41:149][604]LogTexture: Display: Building textures: SkyOcclusion1_2 (AutoDXT, 128X64)
[2017.12.01-03.53.41:150][604]LogTexture: Display: Building textures: LQ_Lightmap_1_1 (DXT1, 1024X1024)
[2017.12.01-03.53.41:150][604]LogTexture: Display: Building textures: HQ_Lightmap1_2 (AutoDXT, 128X128)
[2017.12.01-03.53.41:150][604]LogTexture: Display: Building textures: LQ_Lightmap_1_2 (DXT1, 128X128)
[2017.12.01-03.53.41:150][604]LogTexture: Display: Building textures: ShadowMapTexture2D_0 (G8, 64X64)
[2017.12.01-03.53.41:182][604]Lightmass on DESKTOP-GGU25J6: 1.69 sec total, 74 ms importing, 10 ms setup, 389 ms photons, 1.19 sec processing, 0 ms extra exporting [226/226 mappings]. Threads: 8.17 sec total, 1.76 sec processing.
[2017.12.01-03.53.41:209][604]LogStaticLightingSystem: Illumination: 4.99 sec (168 ms encoding lightmaps, 4 ms encoding shadowmaps)
[2017.12.01-03.53.41:209][604]LogStaticLightingSystem: Lightmap texture memory:  2.7 MB (0.0 MB streaming, 2.7 MB non-streaming), 4 textures
[2017.12.01-03.53.41:209][604]LogStaticLightingSystem: Shadowmap texture memory: 0.0 MB (0.0 MB streaming, 0.0 MB non-streaming), 1 textures
[2017.12.01-03.53.41:907][604]DumpUnbuiltLightIteractions
[2017.12.01-03.53.41:907][604]Lights with unbuilt interactions: 0
[2017.12.01-03.53.41:907][604]
[2017.12.01-03.53.41:907][604]Primitives with unbuilt interactions: 0
[2017.12.01-03.53.41:926][605]Cmd: MAP CHECK NOTIFYRESULTS
[2017.12.01-03.53.41:926][605]MapCheck: New page: FiringRange - 2 Dec 2017 1:53:41 am
[2017.12.01-03.53.41:984][605]MapCheck: Map check complete: 0 Error(s), 0 Warning(s), took 58.469ms to complete.
[2017.12.01-03.53.59:365][ 86]Cmd: BRUSH ADD SELECTNEWBRUSH
[2017.12.01-03.54.48:704][849]Cmd: DUPLICATE
[2017.12.01-03.54.48:704][849]Cmd: ACTOR DUPLICATE
[2017.12.01-03.55.11:821][403]Cmd: DUPLICATE
[2017.12.01-03.55.11:821][403]Cmd: ACTOR DUPLICATE
[2017.12.01-03.56.02:646][424]Cmd: DUPLICATE
[2017.12.01-03.56.02:646][424]Cmd: ACTOR DUPLICATE
[2017.12.01-04.00.06:096][413]Cmd: BRUSH ADD SELECTNEWBRUSH
[2017.12.01-04.01.08:343][553]Cmd: DUPLICATE
[2017.12.01-04.01.08:343][553]Cmd: ACTOR DUPLICATE
[2017.12.01-04.01.47:047][  7]Cmd: DUPLICATE
[2017.12.01-04.01.47:047][  7]Cmd: ACTOR DUPLICATE
[2017.12.01-04.03.20:965][718]Cmd: DUPLICATE
[2017.12.01-04.03.20:965][718]Cmd: ACTOR DUPLICATE
[2017.12.01-04.03.37:209][502]Cmd: DUPLICATE
[2017.12.01-04.03.37:209][502]Cmd: ACTOR DUPLICATE
[2017.12.01-04.03.50:899][918]Cmd: DUPLICATE
[2017.12.01-04.03.50:899][918]Cmd: ACTOR DUPLICATE
[2017.12.01-04.04.37:431][270]LogEditorViewport: Clicking on Actor (LMB): SpotLight (SpotLight)
[2017.12.01-04.04.38:363][377]Cmd: DELETE
[2017.12.01-04.04.38:363][377]Cmd: ACTOR DELETE
[2017.12.01-04.04.38:400][377]LogEditorActor: Deleted Actor: SpotLight
[2017.12.01-04.04.38:432][377]LogEditorActor: Deleted 1 Actors (0.069 secs)
[2017.12.01-04.04.47:048][236]Cmd: DUPLICATE
[2017.12.01-04.04.47:048][236]Cmd: ACTOR DUPLICATE
[2017.12.01-04.05.27:687][710]Cmd: BRUSH ADD SELECTNEWBRUSH
[2017.12.01-04.06.19:693][508]Cmd: DUPLICATE
[2017.12.01-04.06.19:693][508]Cmd: ACTOR DUPLICATE
[2017.12.01-04.07.51:686][463]LogEditorViewport: Clicking Background
[2017.12.01-04.07.53:250][629]Cmd: TRANSACTION UNDO
[2017.12.01-04.07.53:250][629]LogEditorTransaction: Undo Clicking Background
[2017.12.01-04.07.53:267][629]LogSlate: Took 0.000266 seconds to synchronously load lazily loaded font '../../../Engine/Content/Slate/Fonts/Roboto-Light.ttf' (159K)
[2017.12.01-04.07.59:056][236]LogEditorViewport: Clicking on Actor (LMB): Brush (Box Brush66)
[2017.12.01-04.08.08:664][179]LogEditorViewport: Clicking Background
[2017.12.01-04.09.13:027][937]LogSavePackage: Save=655.54ms
[2017.12.01-04.09.13:027][937]LogSavePackage: Moving 'C:/Users/Quintero/Desktop/Arico Archery/AricoArchery/AricoArchery/Saved/FiringRange_Auto153A9EEEF4FC7F031BFA5E49AF967AF11.tmp' to 'C:/Users/Quintero/Desktop/Arico Archery/AricoArchery/AricoArchery/Saved/Autosaves/Game/Maps/FiringRange_Auto1.umap'
[2017.12.01-04.09.13:029][937]LogSavePackage: Display: Finished SavePackage C:/Users/Quintero/Desktop/Arico Archery/AricoArchery/AricoArchery/Saved/Autosaves/Game/Maps/FiringRange_Auto1.umap
[2017.12.01-04.09.13:031][937]LogFileHelpers: Editor autosave (incl. sublevels) for '/Game/Maps/FiringRange' took 0.698
[2017.12.01-04.09.13:031][937]LogFileHelpers: Editor autosave (incl. sublevels) for all levels took 0.698
[2017.12.01-04.09.13:039][937]OBJ SavePackage: Generating thumbnails for [0] asset(s) in package [/Game/Maps/FiringRange_BuiltData] ([1] browsable assets)...
[2017.12.01-04.09.13:039][937]OBJ SavePackage: Finished generating thumbnails for package [/Game/Maps/FiringRange_BuiltData]
[2017.12.01-04.09.13:053][937]LogSavePackage: Save=8.83ms
[2017.12.01-04.09.13:053][937]LogSavePackage: Moving 'C:/Users/Quintero/Desktop/Arico Archery/AricoArchery/AricoArchery/Saved/FiringRange_BuiltData_Auto129A510BA45BA7005E072A7B1C22CFA18.tmp' to 'C:/Users/Quintero/Desktop/Arico Archery/AricoArchery/AricoArchery/Saved/Autosaves/Game/Maps/FiringRange_BuiltData_Auto1.uasset'
[2017.12.01-04.09.13:055][937]LogSavePackage: Display: Finished SavePackage C:/Users/Quintero/Desktop/Arico Archery/AricoArchery/AricoArchery/Saved/Autosaves/Game/Maps/FiringRange_BuiltData_Auto1.uasset
[2017.12.01-04.09.13:055][937]LogFileHelpers: Auto-saving content packages took 0.017
[2017.12.01-04.13.19:898][661]LogRenderer: Reallocating scene render targets to support 1364x744 Format 26 NumSamples 1 (Frame:127378).
[2017.12.01-04.13.19:975][662]LogRenderer: Reallocating scene render targets to support 1876x1016 Format 26 NumSamples 1 (Frame:127381).
[2017.12.01-04.13.20:042][663]LogRenderer: Reallocating scene render targets to support 1920x1040 Format 26 NumSamples 1 (Frame:127383).
[2017.12.01-04.13.58:411][901]LogEditorViewport: Clicking Background
[2017.12.01-04.15.28:295][397]MapCheck: New page: Map Check
[2017.12.01-04.15.28:307][397]Cmd: MAP REBUILD ALLVISIBLE
[2017.12.01-04.15.28:312][397]LogEditorServer: Rebuildmap Clear paths rebuilt
[2017.12.01-04.15.30:203][397]LightingResults: New page: Lighting Build - 2 Dec 2017 2:15:30 am
[2017.12.01-04.15.30:221][397]LogSwarmInterface: [OpenConnection] Registering TCP channel ...
[2017.12.01-04.15.30:222][397]LogSwarmInterface: [OpenConnection] Connecting to agent ...
[2017.12.01-04.15.30:222][397]LogSwarmInterface: [TryOpenConnection] Testing the Agent
[2017.12.01-04.15.30:223][397]LogSwarmInterface: [TryOpenConnection] Opening Connection to Agent
[2017.12.01-04.15.30:223][397]LogSwarmInterface: [TryOpenConnection] Local Process ID is 5304
[2017.12.01-04.15.34:760][397]LightingResults: Warning: No importance volume found and the scene is so large that the automatically synthesized volume will not yield good results.  Please add a tightly bounding lightmass importance volume to optimize your scene's quality and lighting build times.
[2017.12.01-04.15.34:761][397]LogStaticLightingSystem: Running Lightmass w/ ImmediateImport mode ENABLED
[2017.12.01-04.15.34:761][397]LogStaticLightingSystem: Running Lightmass w/ ImmediateProcess mode ENABLED
[2017.12.01-04.15.34:761][397]LogStaticLightingSystem: Running Lightmass w/ Sorting mode ENABLED
[2017.12.01-04.15.34:761][397]LogStaticLightingSystem: Running Lightmass w/ Mapping paddings ENABLED
[2017.12.01-04.15.34:761][397]LogStaticLightingSystem: Running Lightmass w/ Mapping debug paddings DISABLED
[2017.12.01-04.15.34:957][397]LogEditorBuildUtils: Build time 0:06
[2017.12.01-04.15.38:215][617]Job is a success!
[2017.12.01-04.15.41:404][992]MapCheck: New page: Map Check
[2017.12.01-04.15.41:418][992]Cmd: MAP REBUILD ALLVISIBLE
[2017.12.01-04.15.41:418][992]LogEditorServer: Rebuildmap Clear paths rebuilt
[2017.12.01-04.15.43:340][992]Cmd: MAP CHECK DONTDISPLAYDIALOG
[2017.12.01-04.15.43:340][992]MapCheck: New page: FiringRange - 2 Dec 2017 2:15:43 am
[2017.12.01-04.15.43:399][992]MapCheck: Map check complete: 0 Error(s), 0 Warning(s), took 58.948ms to complete.
[2017.12.01-04.15.43:422][992]LogEditorBuildUtils: Build time 0:02
[2017.12.01-04.16.30:984][266]MapCheck: New page: Map Check
[2017.12.01-04.16.30:998][266]Cmd: MAP REBUILD ALLVISIBLE
[2017.12.01-04.16.30:998][266]LogEditorServer: Rebuildmap Clear paths rebuilt
[2017.12.01-04.16.32:959][266]Cmd: MAP CHECK DONTDISPLAYDIALOG
[2017.12.01-04.16.32:959][266]MapCheck: New page: FiringRange - 2 Dec 2017 2:16:32 am
[2017.12.01-04.16.33:016][266]MapCheck: Map check complete: 0 Error(s), 0 Warning(s), took 57.25ms to complete.
[2017.12.01-04.16.33:038][266]LogEditorBuildUtils: Build time 0:02
[2017.12.01-04.16.41:134][676]LogEditorViewport: Clicking Background
[2017.12.01-04.16.42:202][801]Cmd: OBJ SAVEPACKAGE PACKAGE="/Game/Maps/FiringRange" FILE="C:/Users/Quintero/Desktop/Arico Archery/AricoArchery/AricoArchery/Content/Maps/FiringRange.umap" SILENT=true AUTOSAVING=false KEEPDIRTY=false
[2017.12.01-04.16.42:841][801]LogSavePackage: Save=626.38ms
[2017.12.01-04.16.42:841][801]LogSavePackage: Moving 'C:/Users/Quintero/Desktop/Arico Archery/AricoArchery/AricoArchery/Saved/FiringRange487A5FB54CE76BE36815958E9E190671.tmp' to 'C:/Users/Quintero/Desktop/Arico Archery/AricoArchery/AricoArchery/Content/Maps/FiringRange.umap'
[2017.12.01-04.16.42:845][801]LogSavePackage: Display: Finished SavePackage C:/Users/Quintero/Desktop/Arico Archery/AricoArchery/AricoArchery/Content/Maps/FiringRange.umap
[2017.12.01-04.16.42:858][801]Cmd: OBJ SAVEPACKAGE PACKAGE="/Game/Maps/FiringRange_BuiltData" FILE="C:/Users/Quintero/Desktop/Arico Archery/AricoArchery/AricoArchery/Content/Maps/FiringRange_BuiltData.uasset" SILENT=true
[2017.12.01-04.16.42:912][801]LogSavePackage: Save=48.91ms
[2017.12.01-04.16.42:912][801]LogSavePackage: Moving 'C:/Users/Quintero/Desktop/Arico Archery/AricoArchery/AricoArchery/Saved/FiringRange_BuiltDataD3F52E6741F6E350F58E35B7B8BA4CDB.tmp' to 'C:/Users/Quintero/Desktop/Arico Archery/AricoArchery/AricoArchery/Content/Maps/FiringRange_BuiltData.uasset'
[2017.12.01-04.16.42:916][801]LogSavePackage: Display: Finished SavePackage C:/Users/Quintero/Desktop/Arico Archery/AricoArchery/AricoArchery/Content/Maps/FiringRange_BuiltData.uasset
[2017.12.01-04.16.45:533][109]MapCheck: New page: Map Check
[2017.12.01-04.16.45:550][109]Cmd: MAP REBUILD ALLVISIBLE
[2017.12.01-04.16.45:550][109]LogEditorServer: Rebuildmap Clear paths rebuilt
[2017.12.01-04.16.47:553][109]LogStaticLightingSystem: Warning: Failed to build lighting!!! A lighting build is already in progress! Please cancel it before triggering a new build.
[2017.12.01-04.16.47:809][109]LogEditorBuildUtils: Build time 0:02
[2017.12.01-04.16.51:454][528]Cmd: OBJ SAVEPACKAGE PACKAGE="/Game/Maps/FiringRange" FILE="C:/Users/Quintero/Desktop/Arico Archery/AricoArchery/AricoArchery/Content/Maps/FiringRange.umap" SILENT=true AUTOSAVING=false KEEPDIRTY=false
[2017.12.01-04.16.52:090][528]LogSavePackage: Save=625.35ms
[2017.12.01-04.16.52:090][528]LogSavePackage: Moving 'C:/Users/Quintero/Desktop/Arico Archery/AricoArchery/AricoArchery/Saved/FiringRange2C07BC51491E2DF3CD7A7A8A25BB589B.tmp' to 'C:/Users/Quintero/Desktop/Arico Archery/AricoArchery/AricoArchery/Content/Maps/FiringRange.umap'
[2017.12.01-04.16.52:094][528]LogSavePackage: Display: Finished SavePackage C:/Users/Quintero/Desktop/Arico Archery/AricoArchery/AricoArchery/Content/Maps/FiringRange.umap
[2017.12.01-04.16.52:106][528]Cmd: OBJ SAVEPACKAGE PACKAGE="/Game/Maps/FiringRange_BuiltData" FILE="C:/Users/Quintero/Desktop/Arico Archery/AricoArchery/AricoArchery/Content/Maps/FiringRange_BuiltData.uasset" SILENT=true
[2017.12.01-04.16.52:160][528]LogSavePackage: Save=49.18ms
[2017.12.01-04.16.52:160][528]LogSavePackage: Moving 'C:/Users/Quintero/Desktop/Arico Archery/AricoArchery/AricoArchery/Saved/FiringRange_BuiltData43571AFB407E73124D44FEB47FD00E89.tmp' to 'C:/Users/Quintero/Desktop/Arico Archery/AricoArchery/AricoArchery/Content/Maps/FiringRange_BuiltData.uasset'
[2017.12.01-04.16.52:162][528]LogSavePackage: Display: Finished SavePackage C:/Users/Quintero/Desktop/Arico Archery/AricoArchery/AricoArchery/Content/Maps/FiringRange_BuiltData.uasset
[2017.12.01-04.22.03:756][ 77]Cmd: OBJ SAVEPACKAGE PACKAGE="/Game/Maps/Campsite" FILE="C:/Users/Quintero/Desktop/Arico Archery/AricoArchery/AricoArchery/Content/Maps/Campsite.umap" SILENT=true AUTOSAVING=false KEEPDIRTY=false
[2017.12.01-04.22.03:768][ 77]LogSavePackage: Save=3.98ms
[2017.12.01-04.22.03:768][ 77]LogSavePackage: Moving 'C:/Users/Quintero/Desktop/Arico Archery/AricoArchery/AricoArchery/Saved/Campsite2E5AEEC241D636A4118EA6B5750B3F08.tmp' to 'C:/Users/Quintero/Desktop/Arico Archery/AricoArchery/AricoArchery/Content/Maps/Campsite.umap'
[2017.12.01-04.22.03:778][ 77]LogSavePackage: Display: Finished SavePackage C:/Users/Quintero/Desktop/Arico Archery/AricoArchery/AricoArchery/Content/Maps/Campsite.umap
[2017.12.01-04.22.03:778][ 77]LogFileHelpers: Saving map 'Campsite' took 0.080
[2017.12.01-04.22.03:780][ 77]Cmd: MAP LOAD FILE="C:/Users/Quintero/Desktop/Arico Archery/AricoArchery/AricoArchery/Content/Maps/Campsite.umap" TEMPLATE=0 SHOWPROGRESS=1 FEATURELEVEL=3
[2017.12.01-04.22.03:780][ 77]LightingResults: New page: Lighting Build
[2017.12.01-04.22.03:781][ 77]LoadErrors: New page: Loading map: Campsite.umap
[2017.12.01-04.22.03:783][ 77]MapCheck: New page: Map Check
[2017.12.01-04.22.03:783][ 77]LightingResults: New page: Lighting Build
[2017.12.01-04.22.03:889][ 77]LogEditorServer: Finished looking for orphan Actors (0.000 secs)
[2017.12.01-04.22.03:890][ 77]LogAIModule: Creating AISystem for world Campsite
[2017.12.01-04.22.03:898][ 77]LogSlate: Took 0.000233 seconds to synchronously load lazily loaded font '../../../Engine/Content/Slate/Fonts/Roboto-Regular.ttf' (155K)
[2017.12.01-04.22.03:922][ 77]Cmd: MAP CHECKDEP NOCLEARLOG
[2017.12.01-04.22.03:978][ 77]MapCheck: Map check complete: 0 Error(s), 0 Warning(s), took 55.857ms to complete.
[2017.12.01-04.22.03:979][ 77]LogFileHelpers: Loading map 'Campsite' took 0.201
[2017.12.01-04.22.14:837][371]LogAIModule: Creating AISystem for world FiringRange
[2017.12.01-04.22.14:863][371]Cmd: MAP LOAD FILE="C:/Users/Quintero/Desktop/Arico Archery/AricoArchery/AricoArchery/Content/Maps/FiringRange.umap" TEMPLATE=0 SHOWPROGRESS=1 FEATURELEVEL=3
[2017.12.01-04.22.14:863][371]LightingResults: New page: Lighting Build
[2017.12.01-04.22.14:863][371]LoadErrors: New page: Loading map: FiringRange.umap
[2017.12.01-04.22.14:864][371]MapCheck: New page: Map Check
[2017.12.01-04.22.14:864][371]LightingResults: New page: Lighting Build
[2017.12.01-04.22.15:233][371]LogEditorServer: Finished looking for orphan Actors (0.000 secs)
[2017.12.01-04.22.15:250][371]Cmd: MAP CHECKDEP NOCLEARLOG
[2017.12.01-04.22.15:306][371]MapCheck: Map check complete: 0 Error(s), 0 Warning(s), took 56.277ms to complete.
[2017.12.01-04.22.15:306][371]LogFileHelpers: Loading map 'FiringRange' took 0.444
[2017.12.01-04.23.36:087][966]LogMaterial: Missing cached shader map for material LayerVisMaterial, compiling. 
[2017.12.01-04.23.36:125][966]LogMaterial: Missing cached shader map for material LayerVisMaterial, compiling. 
[2017.12.01-04.23.36:200][966]LogMaterial: Missing cached shader map for material SelectBrushMaterial, compiling. 
[2017.12.01-04.23.36:215][966]LogMaterial: Missing cached shader map for material SelectBrushMaterial, compiling. 
[2017.12.01-04.23.36:246][966]LogMaterial: Missing cached shader map for material SelectBrushMaterial, compiling. 
[2017.12.01-04.23.36:257][966]LogMaterial: Missing cached shader map for material SelectBrushMaterial, compiling. 
[2017.12.01-04.23.36:291][966]LogMaterial: Missing cached shader map for material MaskBrushMaterial, compiling. 
[2017.12.01-04.23.36:303][966]LogMaterial: Missing cached shader map for material MaskBrushMaterial, compiling. 
[2017.12.01-04.23.36:312][966]LogMaterial: Missing cached shader map for material MaskBrushMaterial, compiling. 
[2017.12.01-04.23.36:348][966]LogMaterial: Missing cached shader map for material LandscapeLayerUsageMaterial, compiling. 
[2017.12.01-04.23.36:355][966]LogMaterial: Missing cached shader map for material LandscapeLayerUsageMaterial, compiling. 
[2017.12.01-04.23.36:473][966]LogMaterial: Missing cached shader map for material MirrorPlaneMaterial, compiling. 
[2017.12.01-04.23.36:519][966]LogMaterial: Missing cached shader map for material CircleBrushMaterial, compiling. 
[2017.12.01-04.23.36:534][966]LogMaterial: Missing cached shader map for material CircleBrushMaterial, compiling. 
[2017.12.01-04.23.36:550][966]LogMaterial: Missing cached shader map for material CircleBrushMaterial, compiling. 
[2017.12.01-04.23.36:614][966]LogMaterial: Missing cached shader map for material CircleBrushMaterial, compiling. 
[2017.12.01-04.23.36:648][966]LogMaterial: Missing cached shader map for material CircleBrushMaterial, compiling. 
[2017.12.01-04.23.36:661][966]LogMaterial: Missing cached shader map for material CircleBrushMaterial, compiling. 
[2017.12.01-04.23.36:689][966]LogMaterial: Missing cached shader map for material CircleBrushMaterial, compiling. 
[2017.12.01-04.23.36:702][966]LogMaterial: Missing cached shader map for material CircleBrushMaterial, compiling. 
[2017.12.01-04.23.36:738][966]LogMaterial: Missing cached shader map for material AlphaBrushMaterial, compiling. 
[2017.12.01-04.23.36:752][966]LogMaterial: Missing cached shader map for material AlphaBrushMaterial, compiling. 
[2017.12.01-04.23.36:777][966]LogMaterial: Missing cached shader map for material CircleBrushMaterial, compiling. 
[2017.12.01-04.23.36:791][966]LogMaterial: Missing cached shader map for material CircleBrushMaterial, compiling. 
[2017.12.01-04.23.36:824][966]LogMaterial: Missing cached shader map for material MaskBrushMaterial, compiling. 
[2017.12.01-04.23.36:837][966]LogMaterial: Missing cached shader map for material MaskBrushMaterial, compiling. 
[2017.12.01-04.23.36:907][966]LogTexture: Display: Building textures: Texture2D_2 (G8, 128X128)
[2017.12.01-04.23.49:048][111]Cmd: OBJ SAVEPACKAGE PACKAGE="/Game/Maps/FiringRange" FILE="C:/Users/Quintero/Desktop/Arico Archery/AricoArchery/AricoArchery/Content/Maps/FiringRange.umap" SILENT=true AUTOSAVING=false KEEPDIRTY=false
[2017.12.01-04.23.49:967][111]LogSavePackage: Save=900.08ms
[2017.12.01-04.23.49:967][111]LogSavePackage: Moving 'C:/Users/Quintero/Desktop/Arico Archery/AricoArchery/AricoArchery/Saved/FiringRange8726ADCB4068140A52E7F69F0E758308.tmp' to 'C:/Users/Quintero/Desktop/Arico Archery/AricoArchery/AricoArchery/Content/Maps/FiringRange.umap'
[2017.12.01-04.23.49:973][111]LogSavePackage: Display: Finished SavePackage C:/Users/Quintero/Desktop/Arico Archery/AricoArchery/AricoArchery/Content/Maps/FiringRange.umap
[2017.12.01-04.23.50:011][111]Cmd: OBJ SAVEPACKAGE PACKAGE="/Game/Maps/FiringRange_BuiltData" FILE="C:/Users/Quintero/Desktop/Arico Archery/AricoArchery/AricoArchery/Content/Maps/FiringRange_BuiltData.uasset" SILENT=true
[2017.12.01-04.23.50:108][111]LogSavePackage: Save=89.65ms
[2017.12.01-04.23.50:109][111]LogSavePackage: Moving 'C:/Users/Quintero/Desktop/Arico Archery/AricoArchery/AricoArchery/Saved/FiringRange_BuiltData6D447CAF4087214BB8662FA8DAE6EAD3.tmp' to 'C:/Users/Quintero/Desktop/Arico Archery/AricoArchery/AricoArchery/Content/Maps/FiringRange_BuiltData.uasset'
[2017.12.01-04.23.50:112][111]LogSavePackage: Display: Finished SavePackage C:/Users/Quintero/Desktop/Arico Archery/AricoArchery/AricoArchery/Content/Maps/FiringRange_BuiltData.uasset
[2017.12.01-04.23.56:911][789]Cmd: EDIT COPY
[2017.12.01-04.23.58:187][924]LogAIModule: Creating AISystem for world Campsite
[2017.12.01-04.23.58:200][924]Cmd: MAP LOAD FILE="C:/Users/Quintero/Desktop/Arico Archery/AricoArchery/AricoArchery/Content/Maps/Campsite.umap" TEMPLATE=0 SHOWPROGRESS=1 FEATURELEVEL=3
[2017.12.01-04.23.58:200][924]LightingResults: New page: Lighting Build
[2017.12.01-04.23.58:201][924]LoadErrors: New page: Loading map: Campsite.umap
[2017.12.01-04.23.58:203][924]MapCheck: New page: Map Check
[2017.12.01-04.23.58:203][924]LightingResults: New page: Lighting Build
[2017.12.01-04.23.58:361][924]LogEditorServer: Finished looking for orphan Actors (0.000 secs)
[2017.12.01-04.23.58:382][924]Cmd: MAP CHECKDEP NOCLEARLOG
[2017.12.01-04.23.58:455][924]MapCheck: Map check complete: 0 Error(s), 0 Warning(s), took 73.129ms to complete.
[2017.12.01-04.23.58:456][924]LogFileHelpers: Loading map 'Campsite' took 0.257
[2017.12.01-04.24.01:305][261]Cmd: EDIT PASTE
[2017.12.01-04.24.01:361][261]LogNavigationPoint: PostEditMove Clear paths rebuilt
[2017.12.01-04.25.09:999][429]Cmd: CAMERA ALIGN ACTIVEVIEWPORTONLY
[2017.12.01-04.25.14:006][903]Cmd: CAMERA ALIGN ACTIVEVIEWPORTONLY
[2017.12.01-04.28.51:526][805]Cmd: OBJ SAVEPACKAGE PACKAGE="/Game/Maps/Campsite" FILE="C:/Users/Quintero/Desktop/Arico Archery/AricoArchery/AricoArchery/Content/Maps/Campsite.umap" SILENT=true AUTOSAVING=false KEEPDIRTY=false
[2017.12.01-04.28.51:552][805]LogSavePackage: Save=13.41ms
[2017.12.01-04.28.51:553][805]LogSavePackage: Moving 'C:/Users/Quintero/Desktop/Arico Archery/AricoArchery/AricoArchery/Saved/CampsiteA584A55348B5B414784ECAB1404C1E44.tmp' to 'C:/Users/Quintero/Desktop/Arico Archery/AricoArchery/AricoArchery/Content/Maps/Campsite.umap'
[2017.12.01-04.28.51:556][805]LogSavePackage: Display: Finished SavePackage C:/Users/Quintero/Desktop/Arico Archery/AricoArchery/AricoArchery/Content/Maps/Campsite.umap
[2017.12.01-04.28.53:293][946]Cmd: QUIT_EDITOR
[2017.12.01-04.28.53:409][946]LogWindowsTextInputMethodSystem: Display: IME system now deactivated.
[2017.12.01-04.28.53:435][946]LogExit: Preparing to exit.
[2017.12.01-04.28.54:182][946]LogExit: Editor shut down
[2017.12.01-04.28.54:185][946]LogExit: Transaction tracking system shut down
[2017.12.01-04.28.54:364][946]LogDirectoryWatcher: A directory notification for '../../../Engine/Content/' was aborted.
[2017.12.01-04.28.54:364][946]LogDirectoryWatcher: A directory notification for 'C:/Users/Quintero/Desktop/Arico Archery/AricoArchery/AricoArchery/Content/' was aborted.
[2017.12.01-04.28.54:365][946]LogDirectoryWatcher: A directory notification for '../../../Engine/Plugins/2D/Paper2D/Content/' was aborted.
[2017.12.01-04.28.54:365][946]LogDirectoryWatcher: A directory notification for '../../../Engine/Plugins/Media/MediaCompositing/Content/' was aborted.
[2017.12.01-04.28.54:365][946]LogDirectoryWatcher: A directory notification for '../../../Engine/Plugins/Runtime/AppleARKit/Content/' was aborted.
[2017.12.01-04.28.54:365][946]LogDirectoryWatcher: A directory notification for '../../../Engine/Plugins/Runtime/Oculus/OculusVR/Content/' was aborted.
[2017.12.01-04.28.54:365][946]LogDirectoryWatcher: A directory notification for '../../../Engine/Plugins/Runtime/Steam/SteamVR/Content/' was aborted.
[2017.12.01-04.28.54:863][946]LogExit: Object subsystem successfully closed.
[2017.12.01-04.28.54:895][946]LogD3D11RHI: Shutdown
[2017.12.01-04.28.54:895][946]LogD3D11RHI: CleanupD3DDevice
[2017.12.01-04.28.54:897][946]LogD3D11RHI: ~FD3D11DynamicRHI
[2017.12.01-04.28.55:151][946]LogModuleManager: Shutting down and abandoning module StatsViewer (548)
[2017.12.01-04.28.55:151][946]LogModuleManager: Shutting down and abandoning module HierarchicalLODOutliner (546)
[2017.12.01-04.28.55:151][946]LogModuleManager: Shutting down and abandoning module SceneOutliner (544)
[2017.12.01-04.28.55:151][946]LogModuleManager: Shutting down and abandoning module AddContentDialog (542)
[2017.12.01-04.28.55:171][946]LogDirectoryWatcher: A directory notification for 'D:/Program Files (x86)/Epic Games/UE_4.18/FeaturePacks/' was aborted.
[2017.12.01-04.28.55:172][946]LogModuleManager: Shutting down and abandoning module WidgetCarousel (541)
[2017.12.01-04.28.55:172][946]LogModuleManager: Shutting down and abandoning module EditorWidgets (538)
[2017.12.01-04.28.55:172][946]LogModuleManager: Shutting down and abandoning module CollectionManager (536)
[2017.12.01-04.28.55:172][946]LogDirectoryWatcher: A directory notification for 'C:/Users/Quintero/Desktop/Arico Archery/AricoArchery/AricoArchery/Content/Collections/' was aborted.
[2017.12.01-04.28.55:172][946]LogDirectoryWatcher: A directory notification for 'C:/Users/Quintero/Desktop/Arico Archery/AricoArchery/AricoArchery/Content/Developers/Quintero/Collections/' was aborted.
[2017.12.01-04.28.55:172][946]LogDirectoryWatcher: A directory notification for 'C:/Users/Quintero/Desktop/Arico Archery/AricoArchery/AricoArchery/Saved/Collections/' was aborted.
[2017.12.01-04.28.55:172][946]LogModuleManager: Shutting down and abandoning module FoliageEdit (534)
[2017.12.01-04.28.55:172][946]LogModuleManager: Shutting down and abandoning module LandscapeEditor (532)
[2017.12.01-04.28.55:172][946]LogModuleManager: Shutting down and abandoning module MeshPaintMode (530)
[2017.12.01-04.28.55:172][946]LogModuleManager: Shutting down and abandoning module SceneDepthPickerMode (528)
[2017.12.01-04.28.55:172][946]LogModuleManager: Shutting down and abandoning module ActorPickerMode (526)
[2017.12.01-04.28.55:172][946]LogModuleManager: Shutting down and abandoning module GeometryMode (524)
[2017.12.01-04.28.55:172][946]LogModuleManager: Shutting down and abandoning module TextureAlignMode (522)
[2017.12.01-04.28.55:172][946]LogModuleManager: Shutting down and abandoning module BspMode (520)
[2017.12.01-04.28.55:172][946]LogModuleManager: Shutting down and abandoning module PIEPreviewDeviceProfileSelector (518)
[2017.12.01-04.28.55:172][946]LogModuleManager: Shutting down and abandoning module HardwareSurvey (516)
[2017.12.01-04.28.55:172][946]LogModuleManager: Shutting down and abandoning module SequenceRecorderSections (514)
[2017.12.01-04.28.55:172][946]LogModuleManager: Shutting down and abandoning module AutomationWorker (512)
[2017.12.01-04.28.55:172][946]LogModuleManager: Shutting down and abandoning module MatineeToLevelSequence (510)
[2017.12.01-04.28.55:172][946]LogModuleManager: Shutting down and abandoning module LevelSequenceEditor (508)
[2017.12.01-04.28.55:179][946]LogModuleManager: Shutting down and abandoning module PlacementMode (507)
[2017.12.01-04.28.55:179][946]LogModuleManager: Shutting down and abandoning module WmfMediaFactory (504)
[2017.12.01-04.28.55:179][946]LogModuleManager: Shutting down and abandoning module WmfMediaEditor (502)
[2017.12.01-04.28.55:179][946]LogModuleManager: Shutting down and abandoning module OpenExrWrapper (500)
[2017.12.01-04.28.55:179][946]LogModuleManager: Shutting down and abandoning module ImgMediaFactory (498)
[2017.12.01-04.28.55:179][946]LogModuleManager: Shutting down and abandoning module ImgMediaEditor (496)
[2017.12.01-04.28.55:179][946]LogModuleManager: Shutting down and abandoning module AvfMediaFactory (494)
[2017.12.01-04.28.55:179][946]LogModuleManager: Shutting down and abandoning module AvfMediaEditor (492)
[2017.12.01-04.28.55:179][946]LogModuleManager: Shutting down and abandoning module AndroidMediaFactory (490)
[2017.12.01-04.28.55:179][946]LogModuleManager: Shutting down and abandoning module AndroidMediaEditor (488)
[2017.12.01-04.28.55:179][946]LogModuleManager: Shutting down and abandoning module CharacterAI (486)
[2017.12.01-04.28.55:179][946]LogModuleManager: Shutting down and abandoning module AudioCapture (484)
[2017.12.01-04.28.55:179][946]LogModuleManager: Shutting down and abandoning module SequenceRecorder (483)
[2017.12.01-04.28.55:179][946]LogModuleManager: Shutting down and abandoning module SmartSnapping (480)
[2017.12.01-04.28.55:179][946]LogModuleManager: Shutting down and abandoning module SessionServices (478)
[2017.12.01-04.28.55:179][946]LogModuleManager: Shutting down and abandoning module ViewportSnapping (476)
[2017.12.01-04.28.55:179][946]LogModuleManager: Shutting down and abandoning module ViewportInteraction (474)
[2017.12.01-04.28.55:179][946]LogModuleManager: Shutting down and abandoning module ClothPainter (472)
[2017.12.01-04.28.55:188][946]LogModuleManager: Shutting down and abandoning module SkeletalMeshEditor (471)
[2017.12.01-04.28.55:213][946]LogModuleManager: Shutting down and abandoning module LogVisualizer (468)
[2017.12.01-04.28.55:213][946]LogModuleManager: Shutting down and abandoning module IntroTutorials (466)
[2017.12.01-04.28.55:213][946]LogModuleManager: Shutting down and abandoning module GameProjectGeneration (465)
[2017.12.01-04.28.55:224][946]LogModuleManager: Shutting down and abandoning module IOSPlatformEditor (462)
[2017.12.01-04.28.55:224][946]LogModuleManager: Shutting down and abandoning module HTML5PlatformEditor (460)
[2017.12.01-04.28.55:224][946]LogModuleManager: Shutting down and abandoning module AndroidPlatformEditor (458)
[2017.12.01-04.28.55:224][946]LogModuleManager: Shutting down and abandoning module AndroidDeviceDetection (457)
[2017.12.01-04.28.56:212][946]LogModuleManager: Shutting down and abandoning module WindowsPlatformEditor (454)
[2017.12.01-04.28.56:212][946]LogModuleManager: Shutting down and abandoning module IOSRuntimeSettings (452)
[2017.12.01-04.28.56:212][946]LogModuleManager: Shutting down and abandoning module AndroidRuntimeSettings (450)
[2017.12.01-04.28.56:212][946]LogModuleManager: Shutting down and abandoning module InputBindingEditor (448)
[2017.12.01-04.28.56:212][946]LogModuleManager: Shutting down and abandoning module MergeActors (446)
[2017.12.01-04.28.56:229][946]LogModuleManager: Shutting down and abandoning module SizeMap (444)
[2017.12.01-04.28.56:229][946]LogModuleManager: Shutting down and abandoning module TreeMap (442)
[2017.12.01-04.28.56:229][946]LogModuleManager: Shutting down and abandoning module ReferenceViewer (440)
[2017.12.01-04.28.56:229][946]LogModuleManager: Shutting down and abandoning module LocalizationDashboard (438)
[2017.12.01-04.28.56:238][946]LogModuleManager: Shutting down and abandoning module LocalizationService (437)
[2017.12.01-04.28.56:238][946]LogModuleManager: Shutting down and abandoning module HardwareTargeting (434)
[2017.12.01-04.28.56:238][946]LogModuleManager: Shutting down and abandoning module DeviceProfileEditor (432)
[2017.12.01-04.28.56:238][946]LogModuleManager: Shutting down and abandoning module UndoHistory (430)
[2017.12.01-04.28.56:238][946]LogModuleManager: Shutting down and abandoning module XmlParser (428)
[2017.12.01-04.28.56:238][946]LogModuleManager: Shutting down and abandoning module Blutility (426)
[2017.12.01-04.28.56:238][946]LogModuleManager: Shutting down and abandoning module ProjectSettingsViewer (424)
[2017.12.01-04.28.56:238][946]LogModuleManager: Shutting down and abandoning module ProjectTargetPlatformEditor (423)
[2017.12.01-04.28.56:238][946]LogModuleManager: Shutting down and abandoning module EditorSettingsViewer (420)
[2017.12.01-04.28.56:238][946]LogModuleManager: Shutting down and abandoning module SettingsEditor (418)
[2017.12.01-04.28.56:264][946]LogModuleManager: Shutting down and abandoning module ProjectLauncher (416)
[2017.12.01-04.28.56:282][946]LogModuleManager: Shutting down and abandoning module SessionFrontend (414)
[2017.12.01-04.28.56:282][946]LogModuleManager: Shutting down and abandoning module ProfilerClient (412)
[2017.12.01-04.28.56:288][946]LogModuleManager: Shutting down and abandoning module DeviceManager (410)
[2017.12.01-04.28.56:288][946]LogModuleManager: Shutting down and abandoning module TargetDeviceServices (409)
[2017.12.01-04.28.56:340][946]LogModuleManager: Shutting down and abandoning module AutomationController (406)
[2017.12.01-04.28.56:358][946]LogModuleManager: Shutting down and abandoning module AutomationWindow (404)
[2017.12.01-04.28.56:361][946]LogModuleManager: Shutting down and abandoning module Layers (402)
[2017.12.01-04.28.56:395][946]LogModuleManager: Shutting down and abandoning module ComponentVisualizers (400)
[2017.12.01-04.28.56:395][946]LogModuleManager: Shutting down and abandoning module DetailCustomizations (398)
[2017.12.01-04.28.56:396][946]LogModuleManager: Shutting down and abandoning module PackagesDialog (396)
[2017.12.01-04.28.56:396][946]LogModuleManager: Shutting down and abandoning module Persona (394)
[2017.12.01-04.28.56:419][946]LogModuleManager: Shutting down and abandoning module AdvancedPreviewScene (393)
[2017.12.01-04.28.56:419][946]LogModuleManager: Shutting down and abandoning module AnimGraph (391)
[2017.12.01-04.28.56:419][946]LogModuleManager: Shutting down and abandoning module Kismet (388)
[2017.12.01-04.28.56:419][946]LogModuleManager: Shutting down and abandoning module ClassViewer (386)
[2017.12.01-04.28.56:419][946]LogModuleManager: Shutting down and abandoning module Toolbox (384)
[2017.12.01-04.28.56:419][946]LogModuleManager: Shutting down and abandoning module ModuleUI (382)
[2017.12.01-04.28.56:438][946]LogModuleManager: Shutting down and abandoning module MovieSceneTools (380)
[2017.12.01-04.28.56:447][946]LogModuleManager: Shutting down and abandoning module OutputLog (378)
[2017.12.01-04.28.56:447][946]LogModuleManager: Shutting down and abandoning module GammaUI (376)
[2017.12.01-04.28.56:456][946]LogModuleManager: Shutting down and abandoning module Documentation (374)
[2017.12.01-04.28.56:456][946]LogModuleManager: Shutting down and abandoning module MovieSceneTracks (372)
[2017.12.01-04.28.56:472][946]LogModuleManager: Shutting down and abandoning module MovieScene (370)
[2017.12.01-04.28.56:472][946]LogModuleManager: Shutting down and abandoning module StreamingPauseRendering (368)
[2017.12.01-04.28.56:472][946]LogModuleManager: Shutting down and abandoning module LauncherPlatform (366)
[2017.12.01-04.28.56:472][946]LogModuleManager: Shutting down and abandoning module AnalyticsET (364)
[2017.12.01-04.28.56:472][946]LogModuleManager: Shutting down and abandoning module PortalServices (362)
[2017.12.01-04.28.56:472][946]LogModuleManager: Shutting down and abandoning module PortalRpc (360)
[2017.12.01-04.28.56:472][946]LogModuleManager: Shutting down and abandoning module MessagingRpc (358)
[2017.12.01-04.28.56:472][946]LogModuleManager: Shutting down and abandoning module AIModule (356)
[2017.12.01-04.28.56:472][946]LogModuleManager: Shutting down and abandoning module GameplayDebugger (355)
[2017.12.01-04.28.56:472][946]LogModuleManager: Shutting down and abandoning module AITestSuite (353)
[2017.12.01-04.28.56:472][946]LogModuleManager: Shutting down and abandoning module DesktopPlatform (350)
[2017.12.01-04.28.56:472][946]LogModuleManager: Shutting down and abandoning module ProfilerService (348)
[2017.12.01-04.28.56:631][946]LogModuleManager: Shutting down and abandoning module TaskGraph (346)
[2017.12.01-04.28.56:631][946]LogModuleManager: Shutting down and abandoning module SteamVRController (344)
[2017.12.01-04.28.56:631][946]LogModuleManager: Shutting down and abandoning module ProceduralMeshComponentEditor (342)
[2017.12.01-04.28.56:631][946]LogModuleManager: Shutting down and abandoning module ProceduralMeshComponent (340)
[2017.12.01-04.28.56:631][946]LogModuleManager: Shutting down and abandoning module OculusInput (338)
[2017.12.01-04.28.56:631][946]LogModuleManager: Shutting down and abandoning module MobilePatchingUtils (336)
[2017.12.01-04.28.56:631][946]LogModuleManager: Shutting down and abandoning module CustomMeshComponent (334)
[2017.12.01-04.28.56:631][946]LogModuleManager: Shutting down and abandoning module CableComponent (332)
[2017.12.01-04.28.56:631][946]LogModuleManager: Shutting down and abandoning module ArchVisCharacter (330)
[2017.12.01-04.28.56:631][946]LogModuleManager: Shutting down and abandoning module AndroidPermission (328)
[2017.12.01-04.28.56:631][946]LogModuleManager: Shutting down and abandoning module ActorSequence (324)
[2017.12.01-04.28.56:631][946]LogModuleManager: Shutting down and abandoning module MediaPlayerEditor (322)
[2017.12.01-04.28.56:655][946]LogModuleManager: Shutting down and abandoning module MediaCompositingEditor (320)
[2017.12.01-04.28.56:655][946]LogModuleManager: Shutting down and abandoning module MediaCompositing (318)
[2017.12.01-04.28.56:655][946]LogModuleManager: Shutting down and abandoning module HTML5Networking (316)
[2017.12.01-04.28.56:655][946]LogModuleManager: Shutting down and abandoning module AlembicImporter (314)
[2017.12.01-04.28.56:673][946]LogModuleManager: Shutting down and abandoning module AlembicLibrary (313)
[2017.12.01-04.28.56:673][946]LogModuleManager: Shutting down and abandoning module GeometryCache (312)
[2017.12.01-04.28.56:674][946]LogModuleManager: Shutting down and abandoning module GeometryCacheEd (311)
[2017.12.01-04.28.56:674][946]LogModuleManager: Shutting down and abandoning module SpeedTreeImporter (306)
[2017.12.01-04.28.56:674][946]LogModuleManager: Shutting down and abandoning module PluginBrowser (304)
[2017.12.01-04.28.56:696][946]LogModuleManager: Shutting down and abandoning module MobileLauncherProfileWizard (302)
[2017.12.01-04.28.56:705][946]LogModuleManager: Shutting down and abandoning module VisualStudioSourceCodeAccess (300)
[2017.12.01-04.28.56:705][946]LogModuleManager: Shutting down and abandoning module VisualStudioCodeSourceCodeAccess (298)
[2017.12.01-04.28.56:705][946]LogModuleManager: Shutting down and abandoning module UObjectPlugin (296)
[2017.12.01-04.28.56:705][946]LogModuleManager: Shutting down and abandoning module SubversionSourceControl (294)
[2017.12.01-04.28.56:705][946]LogModuleManager: Shutting down and abandoning module PerforceSourceControl (292)
[2017.12.01-04.28.56:725][946]LogModuleManager: Shutting down and abandoning module GitSourceControl (290)
[2017.12.01-04.28.56:725][946]LogModuleManager: Shutting down and abandoning module SourceControl (289)
[2017.12.01-04.28.56:725][946]LogModuleManager: Shutting down and abandoning module LightPropagationVolumeEditor (286)
[2017.12.01-04.28.56:725][946]LogModuleManager: Shutting down and abandoning module PaperTiledImporter (284)
[2017.12.01-04.28.56:725][946]LogModuleManager: Shutting down and abandoning module PaperSpriteSheetImporter (282)
[2017.12.01-04.28.56:725][946]LogModuleManager: Shutting down and abandoning module Paper2DEditor (280)
[2017.12.01-04.28.56:736][946]LogModuleManager: Shutting down and abandoning module MeshPaint (279)
[2017.12.01-04.28.56:736][946]LogModuleManager: Shutting down and abandoning module LevelEditor (277)
[2017.12.01-04.28.56:737][946]LogModuleManager: Shutting down and abandoning module PixelInspectorModule (276)
[2017.12.01-04.28.56:737][946]LogModuleManager: Shutting down and abandoning module MainFrame (274)
[2017.12.01-04.28.56:737][946]LogModuleManager: Shutting down and abandoning module HotReload (273)
[2017.12.01-04.28.56:737][946]LogModuleManager: Shutting down and abandoning module RuntimePhysXCooking (268)
[2017.12.01-04.28.56:737][946]LogModuleManager: Shutting down and abandoning module PhysXVehiclesEditor (266)
[2017.12.01-04.28.56:737][946]LogModuleManager: Shutting down and abandoning module PhysXVehicles (264)
[2017.12.01-04.28.56:737][946]LogModuleManager: Shutting down and abandoning module OculusEditor (262)
[2017.12.01-04.28.56:737][946]LogModuleManager: Shutting down and abandoning module LocationServicesBPLibrary (260)
[2017.12.01-04.28.56:737][946]LogModuleManager: Shutting down and abandoning module ImmediatePhysicsEditor (258)
[2017.12.01-04.28.56:737][946]LogModuleManager: Shutting down and abandoning module ImmediatePhysics (256)
[2017.12.01-04.28.56:737][946]LogModuleManager: Shutting down and abandoning module UdpMessaging (254)
[2017.12.01-04.28.56:838][946]LogModuleManager: Shutting down and abandoning module TcpMessaging (252)
[2017.12.01-04.28.56:938][946]LogModuleManager: Shutting down and abandoning module GameplayTagsEditor (250)
[2017.12.01-04.28.56:938][946]LogModuleManager: Shutting down and abandoning module FacialAnimationEditor (248)
[2017.12.01-04.28.56:938][946]LogModuleManager: Shutting down and abandoning module FacialAnimation (246)
[2017.12.01-04.28.56:938][946]LogModuleManager: Shutting down and abandoning module AssetManagerEditor (244)
[2017.12.01-04.28.56:938][946]LogModuleManager: Shutting down and abandoning module GraphEditor (243)
[2017.12.01-04.28.56:971][946]LogModuleManager: Shutting down and abandoning module ContentBrowser (241)
[2017.12.01-04.28.56:971][946]LogModuleManager: Shutting down and abandoning module LightPropagationVolumeRuntime (238)
[2017.12.01-04.28.56:971][946]LogModuleManager: Shutting down and abandoning module Paper2D (236)
[2017.12.01-04.28.56:971][946]LogModuleManager: Shutting down and abandoning module WindowsMoviePlayer (234)
[2017.12.01-04.28.56:971][946]LogModuleManager: Shutting down and abandoning module WmfMedia (232)
[2017.12.01-04.28.56:984][946]LogModuleManager: Shutting down and abandoning module ImgMedia (230)
[2017.12.01-04.28.56:984][946]LogModuleManager: Shutting down and abandoning module PacketHandler (228)
[2017.12.01-04.28.56:984][946]LogModuleManager: Shutting down and abandoning module ClothingSystemEditor (226)
[2017.12.01-04.28.56:984][946]LogModuleManager: Shutting down and abandoning module ClothingSystemRuntime (224)
[2017.12.01-04.28.57:001][946]LogModuleManager: Shutting down and abandoning module MediaAssets (222)
[2017.12.01-04.28.57:001][946]LogModuleManager: Shutting down and abandoning module Media (221)
[2017.12.01-04.28.57:007][946]LogModuleManager: Shutting down and abandoning module Overlay (218)
[2017.12.01-04.28.57:007][946]LogModuleManager: Shutting down and abandoning module OverlayEditor (217)
[2017.12.01-04.28.57:007][946]LogModuleManager: Shutting down and abandoning module VREditor (214)
[2017.12.01-04.28.57:015][946]LogModuleManager: Shutting down and abandoning module StringTableEditor (212)
[2017.12.01-04.28.57:015][946]LogModuleManager: Shutting down and abandoning module GameplayTasksEditor (210)
[2017.12.01-04.28.57:015][946]LogModuleManager: Shutting down and abandoning module BehaviorTreeEditor (208)
[2017.12.01-04.28.57:038][946]LogModuleManager: Shutting down and abandoning module FunctionalTesting (206)
[2017.12.01-04.28.57:038][946]LogModuleManager: Shutting down and abandoning module CollisionAnalyzer (204)
[2017.12.01-04.28.57:038][946]LogModuleManager: Shutting down and abandoning module WorkspaceMenuStructure (203)
[2017.12.01-04.28.57:038][946]LogModuleManager: Shutting down and abandoning module UMG (200)
[2017.12.01-04.28.57:054][946]LogModuleManager: Shutting down and abandoning module UMGEditor (199)
[2017.12.01-04.28.57:080][946]LogModuleManager: Shutting down and abandoning module Sequencer (198)
[2017.12.01-04.28.57:092][946]LogModuleManager: Shutting down and abandoning module MessageLog (195)
[2017.12.01-04.28.57:092][946]LogModuleManager: Shutting down and abandoning module SlateReflector (190)
[2017.12.01-04.28.57:104][946]LogModuleManager: Shutting down and abandoning module Slate (188)
[2017.12.01-04.28.57:104][946]LogModuleManager: Shutting down and abandoning module EditorStyle (186)
[2017.12.01-04.28.57:105][946]LogModuleManager: Shutting down and abandoning module MRMesh (184)
[2017.12.01-04.28.57:105][946]LogModuleManager: Shutting down and abandoning module SourceCodeAccess (182)
[2017.12.01-04.28.57:105][946]LogModuleManager: Shutting down and abandoning module HeadMountedDisplay (180)
[2017.12.01-04.28.57:105][946]LogModuleManager: Shutting down and abandoning module XAudio2 (178)
[2017.12.01-04.28.57:105][946]LogModuleManager: Shutting down and abandoning module Networking (176)
[2017.12.01-04.28.57:105][946]LogModuleManager: Shutting down and abandoning module Core (172)
[2017.12.01-04.28.57:105][946]LogModuleManager: Shutting down and abandoning module LevelSequence (168)
[2017.12.01-04.28.57:105][946]LogModuleManager: Shutting down and abandoning module DirectoryWatcher (166)
[2017.12.01-04.28.57:106][946]LogModuleManager: Shutting down and abandoning module KismetCompiler (164)
[2017.12.01-04.28.57:106][946]LogModuleManager: Shutting down and abandoning module MeshUtilities (162)
[2017.12.01-04.28.57:116][946]LogModuleManager: Shutting down and abandoning module MeshMergeUtilities (161)
[2017.12.01-04.28.57:116][946]LogModuleManager: Shutting down and abandoning module MeshReductionInterface (160)
[2017.12.01-04.28.57:116][946]LogModuleManager: Shutting down and abandoning module SimplygonSwarm (159)
[2017.12.01-04.28.57:125][946]LogModuleManager: Shutting down and abandoning module SimplygonMeshReduction (157)
[2017.12.01-04.28.57:125][946]LogModuleManager: Shutting down and abandoning module QuadricMeshReduction (155)
[2017.12.01-04.28.57:125][946]LogModuleManager: Shutting down and abandoning module MaterialBaking (151)
[2017.12.01-04.28.57:125][946]LogModuleManager: Shutting down and abandoning module DerivedDataCache (148)
[2017.12.01-04.28.57:146][946]LogDerivedDataCache: Shutdown
[2017.12.01-04.28.57:146][946]LogModuleManager: Shutting down and abandoning module TargetPlatform (146)
[2017.12.01-04.28.57:146][946]LogModuleManager: Shutting down and abandoning module VulkanShaderFormat (145)
[2017.12.01-04.28.57:146][946]LogModuleManager: Shutting down and abandoning module ShaderFormatVectorVM (143)
[2017.12.01-04.28.57:154][946]LogModuleManager: Shutting down and abandoning module ShaderFormatOpenGL (141)
[2017.12.01-04.28.57:166][946]LogModuleManager: Shutting down and abandoning module ShaderFormatD3D (139)
[2017.12.01-04.28.57:167][946]LogModuleManager: Shutting down and abandoning module MetalShaderFormat (137)
[2017.12.01-04.28.57:175][946]LogModuleManager: Shutting down and abandoning module TextureFormatUncompressed (135)
[2017.12.01-04.28.57:175][946]LogModuleManager: Shutting down and abandoning module TextureFormatPVR (133)
[2017.12.01-04.28.57:175][946]LogModuleManager: Shutting down and abandoning module TextureFormatDXT (131)
[2017.12.01-04.28.57:175][946]LogModuleManager: Shutting down and abandoning module TextureFormatIntelISPCTexComp (129)
[2017.12.01-04.28.57:175][946]LogModuleManager: Shutting down and abandoning module TextureFormatASTC (127)
[2017.12.01-04.28.57:175][946]LogModuleManager: Shutting down and abandoning module ImageWrapper (126)
[2017.12.01-04.28.57:175][946]LogModuleManager: Shutting down and abandoning module TextureFormatAndroid (123)
[2017.12.01-04.28.57:175][946]LogModuleManager: Shutting down and abandoning module AudioFormatOpus (121)
[2017.12.01-04.28.57:175][946]LogModuleManager: Shutting down and abandoning module AudioFormatOgg (119)
[2017.12.01-04.28.57:175][946]LogModuleManager: Shutting down and abandoning module AudioFormatADPCM (117)
[2017.12.01-04.28.57:175][946]LogModuleManager: Shutting down and abandoning module LinuxTargetPlatform (115)
[2017.12.01-04.28.57:175][946]LogModuleManager: Shutting down and abandoning module LinuxServerTargetPlatform (113)
[2017.12.01-04.28.57:175][946]LogModuleManager: Shutting down and abandoning module LinuxNoEditorTargetPlatform (111)
[2017.12.01-04.28.57:175][946]LogModuleManager: Shutting down and abandoning module LinuxClientTargetPlatform (109)
[2017.12.01-04.28.57:175][946]LogModuleManager: Shutting down and abandoning module TVOSTargetPlatform (107)
[2017.12.01-04.28.57:175][946]LogModuleManager: Shutting down and abandoning module Messaging (105)
[2017.12.01-04.28.57:175][946]LogModuleManager: Shutting down and abandoning module IOSTargetPlatform (103)
[2017.12.01-04.28.57:175][946]LogModuleManager: Shutting down and abandoning module HTML5TargetPlatform (101)
[2017.12.01-04.28.57:175][946]LogModuleManager: Shutting down and abandoning module AndroidTargetPlatform (99)
[2017.12.01-04.28.57:175][946]LogModuleManager: Shutting down and abandoning module Android_PVRTCTargetPlatform (97)
[2017.12.01-04.28.57:175][946]LogModuleManager: Shutting down and abandoning module Android_MultiTargetPlatform (95)
[2017.12.01-04.28.57:175][946]LogModuleManager: Shutting down and abandoning module Android_ETC2TargetPlatform (93)
[2017.12.01-04.28.57:175][946]LogModuleManager: Shutting down and abandoning module Android_ETC1TargetPlatform (91)
[2017.12.01-04.28.57:175][946]LogModuleManager: Shutting down and abandoning module Android_DXTTargetPlatform (89)
[2017.12.01-04.28.57:175][946]LogModuleManager: Shutting down and abandoning module Android_ATCTargetPlatform (87)
[2017.12.01-04.28.57:175][946]LogModuleManager: Shutting down and abandoning module Android_ASTCTargetPlatform (85)
[2017.12.01-04.28.57:175][946]LogModuleManager: Shutting down and abandoning module WindowsTargetPlatform (83)
[2017.12.01-04.28.57:175][946]LogModuleManager: Shutting down and abandoning module WindowsServerTargetPlatform (81)
[2017.12.01-04.28.57:175][946]LogModuleManager: Shutting down and abandoning module WindowsNoEditorTargetPlatform (79)
[2017.12.01-04.28.57:175][946]LogModuleManager: Shutting down and abandoning module WindowsClientTargetPlatform (77)
[2017.12.01-04.28.57:175][946]LogModuleManager: Shutting down and abandoning module MacTargetPlatform (75)
[2017.12.01-04.28.57:175][946]LogModuleManager: Shutting down and abandoning module MacServerTargetPlatform (73)
[2017.12.01-04.28.57:175][946]LogModuleManager: Shutting down and abandoning module MacNoEditorTargetPlatform (71)
[2017.12.01-04.28.57:175][946]LogModuleManager: Shutting down and abandoning module MacClientTargetPlatform (69)
[2017.12.01-04.28.57:176][946]LogModuleManager: Shutting down and abandoning module AllDesktopTargetPlatform (67)
[2017.12.01-04.28.57:176][946]LogModuleManager: Shutting down and abandoning module InputCore (64)
[2017.12.01-04.28.57:176][946]LogModuleManager: Shutting down and abandoning module Settings (62)
[2017.12.01-04.28.57:176][946]LogModuleManager: Shutting down and abandoning module PhysXCooking (60)
[2017.12.01-04.28.57:176][946]LogModuleManager: Shutting down and abandoning module SteamVR (58)
[2017.12.01-04.28.57:176][946]LogModuleManager: Shutting down and abandoning module OculusHMD (56)
[2017.12.01-04.28.57:176][946]LogModuleManager: Shutting down and abandoning module ExampleDeviceProfileSelector (54)
[2017.12.01-04.28.57:176][946]LogModuleManager: Shutting down and abandoning module AppleARKit (52)
[2017.12.01-04.28.57:176][946]LogModuleManager: Shutting down and abandoning module AugmentedReality (51)
[2017.12.01-04.28.57:176][946]LogModuleManager: Shutting down and abandoning module OnlineBlueprintSupport (48)
[2017.12.01-04.28.57:176][946]LogModuleManager: Shutting down and abandoning module OnlineSubsystem (44)
[2017.12.01-04.28.57:193][946]LogModuleManager: Shutting down and abandoning module XMPP (43)
[2017.12.01-04.28.57:203][946]LogModuleManager: Shutting down and abandoning module HTTP (41)
[2017.12.01-04.28.57:203][946]LogHttp: Display: Http module shutting down, but needs to wait on 1 outstanding Http requests:
[2017.12.01-04.28.57:203][946]LogHttp: Display: 	verb=[POST] url=[https://datarouter.ol.epicgames.com/datarouter/api/v1/public/data?SessionID=%7BFBA8F0A9-4B44-728E-E2CE-BAA87817651D%7D&AppID=UEEditor.Rocket.Release&AppVersion=4.18.1-3754814%2B%2B%2BUE4%2BRelease-4.18&UserID=a57aad8640406dd7b22ece85a95e7e21%7C9c240b143d404b14bb04d89427d82aef%7C3d3b9936-e33b-4ff1-b34e-f6c967b56ce8&AppEnvironment=datacollector-binary&UploadType=eteventstream] status=Processing
[2017.12.01-04.28.57:214][946]LogModuleManager: Shutting down and abandoning module SSL (40)
[2017.12.01-04.28.57:215][946]LogModuleManager: Shutting down and abandoning module AnimationModifiers (36)
[2017.12.01-04.28.57:215][946]LogModuleManager: Shutting down and abandoning module PropertyEditor (35)
[2017.12.01-04.28.57:215][946]LogModuleManager: Shutting down and abandoning module AudioEditor (32)
[2017.12.01-04.28.57:236][946]LogModuleManager: Shutting down and abandoning module TextureCompressor (30)
[2017.12.01-04.28.57:236][946]LogModuleManager: Shutting down and abandoning module ShaderCore (28)
[2017.12.01-04.28.57:236][946]LogModuleManager: Shutting down and abandoning module Landscape (26)
[2017.12.01-04.28.57:236][946]LogModuleManager: Shutting down and abandoning module SlateRHIRenderer (24)
[2017.12.01-04.28.57:250][946]LogModuleManager: Shutting down and abandoning module OpenGLDrv (22)
[2017.12.01-04.28.57:267][946]LogModuleManager: Shutting down and abandoning module D3D11RHI (20)
[2017.12.01-04.28.57:267][946]LogModuleManager: Shutting down and abandoning module AnimGraphRuntime (18)
[2017.12.01-04.28.57:267][946]LogModuleManager: Shutting down and abandoning module Renderer (16)
[2017.12.01-04.28.57:267][946]LogModuleManager: Shutting down and abandoning module Engine (14)
[2017.12.01-04.28.57:267][946]LogModuleManager: Shutting down and abandoning module CoreUObject (12)
[2017.12.01-04.28.57:267][946]LogModuleManager: Shutting down and abandoning module NetworkFile (10)
[2017.12.01-04.28.57:267][946]LogModuleManager: Shutting down and abandoning module CookedIterativeFile (8)
[2017.12.01-04.28.57:267][946]LogModuleManager: Shutting down and abandoning module StreamingFile (6)
[2017.12.01-04.28.57:267][946]LogModuleManager: Shutting down and abandoning module SandboxFile (4)
[2017.12.01-04.28.57:267][946]LogModuleManager: Shutting down and abandoning module PakFile (2)
[2017.12.01-04.28.57:270][946]LogExit: Exiting.
[2017.12.01-04.28.57:275][946]Log file closed, 12/01/17 15:28:57
